# Logfile created on Mon Mar 22 14:29:56 +0800 2010

Processing AboutController#index (for 127.0.0.1 at 2010-03-22 14:49:11) [GET]
  Session ID: ee92af94dd661ec5d090c427646062fd
  Parameters: {"action"=>"index", "controller"=>"about"}
Rendering template within layouts/application
Rendering about/index
Completed in 0.03100 (32 reqs/sec) | Rendering: 0.03100 (100%) | DB: 0.00000 (0%) | 200 OK [http://localhost/about]
  [4;36;1mSQL (0.032000)[0m   [0;1mselect sqlite_version(*)[0m
  [4;35;1mSQL (0.062000)[0m   [0mCREATE TABLE schema_info (version integer)[0m
  [4;36;1mSQL (0.078000)[0m   [0;1mINSERT INTO schema_info (version) VALUES(0)[0m
  [4;35;1mSQL (0.000000)[0m   [0mSQLite3::SQLException: table schema_info already exists: CREATE TABLE schema_info (version integer)[0m
  [4;36;1mSQL (0.000000)[0m   [0;1mSELECT version FROM schema_info[0m
Migrating to CreateAuthors (1)
  [4;35;1mSQL (0.094000)[0m   [0mCREATE TABLE authors ("id" INTEGER PRIMARY KEY AUTOINCREMENT NOT NULL, "first_name" varchar(255) DEFAULT NULL, "last_name" varchar(255) DEFAULT NULL) [0m
  [4;36;1mSQL (0.078000)[0m   [0;1mUPDATE schema_info SET version = 1[0m
  [4;35;1mSQL (0.000000)[0m   [0mSELECT * FROM schema_info[0m
  [4;36;1mSQL (0.000000)[0m   [0;1m SELECT name
 FROM sqlite_master
 WHERE type = 'table' AND NOT name = 'sqlite_sequence'
[0m
  [4;35;1mSQL (0.000000)[0m   [0mPRAGMA index_list(authors)[0m
  [4;36;1mSQL (0.000000)[0m   [0;1mselect sqlite_version(*)[0m
  [4;35;1mSQL (0.000000)[0m   [0mSQLite3::SQLException: table schema_info already exists: CREATE TABLE schema_info (version integer)[0m
  [4;36;1mSQL (0.000000)[0m   [0;1mSELECT version FROM schema_info[0m
  [4;35;1mSQL (0.000000)[0m   [0mSELECT * FROM schema_info[0m
  [4;36;1mSQL (0.000000)[0m   [0;1m SELECT name
 FROM sqlite_master
 WHERE type = 'table' AND NOT name = 'sqlite_sequence'
[0m
  [4;35;1mSQL (0.000000)[0m   [0mPRAGMA index_list(authors)[0m
  [4;36;1mSQL (0.000000)[0m   [0;1mselect sqlite_version(*)[0m
  [4;35;1mSQL (0.000000)[0m   [0mSQLite3::SQLException: no such table: authors: DROP TABLE authors[0m
  [4;36;1mSQL (0.109000)[0m   [0;1mCREATE TABLE authors ("id" INTEGER PRIMARY KEY AUTOINCREMENT NOT NULL, "first_name" varchar(255) DEFAULT NULL, "last_name" varchar(255) DEFAULT NULL) [0m
  [4;35;1mSQL (0.094000)[0m   [0mCREATE TABLE schema_info (version integer)[0m
  [4;36;1mSQL (0.078000)[0m   [0;1mINSERT INTO schema_info (version) VALUES(0)[0m
  [4;35;1mSQL (0.094000)[0m   [0mUPDATE schema_info SET version = 1[0m
  [4;36;1mSQL (0.000000)[0m   [0;1mselect sqlite_version(*)[0m
  [4;35;1mSQL (0.000000)[0m   [0mSQLite3::SQLException: table schema_info already exists: CREATE TABLE schema_info (version integer)[0m
  [4;36;1mSQL (0.000000)[0m   [0;1mSELECT version FROM schema_info[0m
  [4;35;1mSQL (0.000000)[0m   [0mSELECT * FROM schema_info[0m
  [4;36;1mSQL (0.000000)[0m   [0;1m SELECT name
 FROM sqlite_master
 WHERE type = 'table' AND NOT name = 'sqlite_sequence'
[0m
  [4;35;1mSQL (0.000000)[0m   [0mPRAGMA index_list(authors)[0m
  [4;36;1mSQL (0.000000)[0m   [0;1mselect sqlite_version(*)[0m
  [4;35;1mSQL (0.000000)[0m   [0mSQLite3::SQLException: no such table: authors: DROP TABLE authors[0m
  [4;36;1mSQL (0.047000)[0m   [0;1mCREATE TABLE authors ("id" INTEGER PRIMARY KEY AUTOINCREMENT NOT NULL, "first_name" varchar(255) DEFAULT NULL, "last_name" varchar(255) DEFAULT NULL) [0m
  [4;35;1mSQL (0.078000)[0m   [0mCREATE TABLE schema_info (version integer)[0m
  [4;36;1mSQL (0.078000)[0m   [0;1mINSERT INTO schema_info (version) VALUES(0)[0m
  [4;35;1mSQL (0.094000)[0m   [0mUPDATE schema_info SET version = 1[0m
  [4;36;1mSQL (0.000000)[0m   [0;1mselect sqlite_version(*)[0m
  [4;35;1mSQL (0.000000)[0m   [0mSQLite3::SQLException: table schema_info already exists: CREATE TABLE schema_info (version integer)[0m
  [4;36;1mSQL (0.000000)[0m   [0;1mSELECT version FROM schema_info[0m
  [4;35;1mSQL (0.000000)[0m   [0mSELECT * FROM schema_info[0m
  [4;36;1mSQL (0.000000)[0m   [0;1m SELECT name
 FROM sqlite_master
 WHERE type = 'table' AND NOT name = 'sqlite_sequence'
[0m
  [4;35;1mSQL (0.000000)[0m   [0mPRAGMA index_list(authors)[0m
  [4;36;1mSQL (0.000000)[0m   [0;1mselect sqlite_version(*)[0m
  [4;35;1mSQL (0.000000)[0m   [0mSQLite3::SQLException: no such table: authors: DROP TABLE authors[0m
  [4;36;1mSQL (0.063000)[0m   [0;1mCREATE TABLE authors ("id" INTEGER PRIMARY KEY AUTOINCREMENT NOT NULL, "first_name" varchar(255) DEFAULT NULL, "last_name" varchar(255) DEFAULT NULL) [0m
  [4;35;1mSQL (0.109000)[0m   [0mCREATE TABLE schema_info (version integer)[0m
  [4;36;1mSQL (0.094000)[0m   [0;1mINSERT INTO schema_info (version) VALUES(0)[0m
  [4;35;1mSQL (0.094000)[0m   [0mUPDATE schema_info SET version = 1[0m


Processing AboutController#index (for 127.0.0.1 at 2010-03-22 18:52:30) [GET]
  Session ID: BAh7BiIKZmxhc2hJQzonQWN0aW9uQ29udHJvbGxlcjo6Rmxhc2g6OkZsYXNo%0ASGFzaHsABjoKQHVzZWR7AA%3D%3D--57525d374517c7a49a1385ac129234929ff6e8b9
  Parameters: {"action"=>"index", "controller"=>"about"}
Rendering template within layouts/application
Rendering about/index
Completed in 0.14000 (7 reqs/sec) | Rendering: 0.14000 (100%) | DB: 0.00000 (0%) | 200 OK [http://localhost/about]


Processing AuthorController#index (for 127.0.0.1 at 2010-03-22 18:52:43) [GET]
  Session ID: BAh7BiIKZmxhc2hJQzonQWN0aW9uQ29udHJvbGxlcjo6Rmxhc2g6OkZsYXNo%0ASGFzaHsABjoKQHVzZWR7AA%3D%3D--57525d374517c7a49a1385ac129234929ff6e8b9
  Parameters: {"action"=>"index", "controller"=>"author"}
Rendering template within layouts/application
Rendering author/index
Completed in 0.04700 (21 reqs/sec) | Rendering: 0.04700 (100%) | DB: 0.00000 (0%) | 200 OK [http://localhost/author]


Processing AuthorController#new (for 127.0.0.1 at 2010-03-22 18:52:50) [GET]
  Session ID: BAh7BiIKZmxhc2hJQzonQWN0aW9uQ29udHJvbGxlcjo6Rmxhc2g6OkZsYXNo%0ASGFzaHsABjoKQHVzZWR7AA%3D%3D--57525d374517c7a49a1385ac129234929ff6e8b9
  Parameters: {"action"=>"new", "controller"=>"author"}
Rendering template within layouts/application
Rendering author/new
ERROR: compiling _run_erb_47app47views47author47new46html46erb RAISED compile error
C:/RBOR/emp/app/views/author/new.html.erb:7: syntax error, unexpected kEND, expecting $end
Function body: def _run_erb_47app47views47author47new46html46erb(local_assigns)
_erbout = '';  form_tag :action => 'create' ; _erbout.concat "\n"
_erbout.concat " "; _erbout.concat(( render :partial => 'form' ).to_s); _erbout.concat "\n"
_erbout.concat " "; _erbout.concat(( submit_tag 'Create' ).to_s); _erbout.concat "\n"
 end ; _erbout.concat " \n"
_erbout.concat "\n"
_erbout.concat(( link_to 'Back', :action => 'index' ).to_s); _erbout
end
Backtrace: C:/RBOR/emp/app/views/author/new.html.erb:7:in `compile_template'
C:/Ruby/lib/ruby/gems/1.8/gems/actionpack-2.0.2/lib/action_view/base.rb:630:in `compile_and_render_template'
C:/Ruby/lib/ruby/gems/1.8/gems/actionpack-2.0.2/lib/action_view/base.rb:365:in `render_template'
C:/Ruby/lib/ruby/gems/1.8/gems/actionpack-2.0.2/lib/action_view/base.rb:316:in `render_file'
C:/Ruby/lib/ruby/gems/1.8/gems/actionpack-2.0.2/lib/action_controller/base.rb:1100:in `render_for_file'
C:/Ruby/lib/ruby/gems/1.8/gems/actionpack-2.0.2/lib/action_controller/base.rb:836:in `render_with_no_layout'
C:/Ruby/lib/ruby/gems/1.8/gems/actionpack-2.0.2/lib/action_controller/layout.rb:262:in `render_without_benchmark'
C:/Ruby/lib/ruby/gems/1.8/gems/actionpack-2.0.2/lib/action_controller/benchmarking.rb:51:in `render'
C:/Ruby/lib/ruby/1.8/benchmark.rb:293:in `measure'
C:/Ruby/lib/ruby/gems/1.8/gems/actionpack-2.0.2/lib/action_controller/benchmarking.rb:51:in `render'
C:/Ruby/lib/ruby/gems/1.8/gems/actionpack-2.0.2/lib/action_controller/base.rb:1153:in `default_render'
C:/Ruby/lib/ruby/gems/1.8/gems/actionpack-2.0.2/lib/action_controller/base.rb:1159:in `perform_action_without_filters'
C:/Ruby/lib/ruby/gems/1.8/gems/actionpack-2.0.2/lib/action_controller/filters.rb:697:in `call_filters'
C:/Ruby/lib/ruby/gems/1.8/gems/actionpack-2.0.2/lib/action_controller/filters.rb:689:in `perform_action_without_benchmark'
C:/Ruby/lib/ruby/gems/1.8/gems/actionpack-2.0.2/lib/action_controller/benchmarking.rb:68:in `perform_action_without_rescue'
C:/Ruby/lib/ruby/1.8/benchmark.rb:293:in `measure'
C:/Ruby/lib/ruby/gems/1.8/gems/actionpack-2.0.2/lib/action_controller/benchmarking.rb:68:in `perform_action_without_rescue'
C:/Ruby/lib/ruby/gems/1.8/gems/actionpack-2.0.2/lib/action_controller/rescue.rb:199:in `perform_action_without_caching'
C:/Ruby/lib/ruby/gems/1.8/gems/actionpack-2.0.2/lib/action_controller/caching.rb:678:in `perform_action'
C:/Ruby/lib/ruby/gems/1.8/gems/activerecord-2.0.2/lib/active_record/connection_adapters/abstract/query_cache.rb:33:in `cache'
C:/Ruby/lib/ruby/gems/1.8/gems/activerecord-2.0.2/lib/active_record/query_cache.rb:8:in `cache'
C:/Ruby/lib/ruby/gems/1.8/gems/actionpack-2.0.2/lib/action_controller/caching.rb:677:in `perform_action'
C:/Ruby/lib/ruby/gems/1.8/gems/actionpack-2.0.2/lib/action_controller/base.rb:524:in `send'
C:/Ruby/lib/ruby/gems/1.8/gems/actionpack-2.0.2/lib/action_controller/base.rb:524:in `process_without_filters'
C:/Ruby/lib/ruby/gems/1.8/gems/actionpack-2.0.2/lib/action_controller/filters.rb:685:in `process_without_session_management_support'
C:/Ruby/lib/ruby/gems/1.8/gems/actionpack-2.0.2/lib/action_controller/session_management.rb:123:in `process'
C:/Ruby/lib/ruby/gems/1.8/gems/actionpack-2.0.2/lib/action_controller/base.rb:388:in `process'
C:/Ruby/lib/ruby/gems/1.8/gems/actionpack-2.0.2/lib/action_controller/dispatcher.rb:171:in `handle_request'
C:/Ruby/lib/ruby/gems/1.8/gems/actionpack-2.0.2/lib/action_controller/dispatcher.rb:115:in `dispatch'
C:/Ruby/lib/ruby/gems/1.8/gems/actionpack-2.0.2/lib/action_controller/dispatcher.rb:126:in `dispatch_cgi'
C:/Ruby/lib/ruby/gems/1.8/gems/actionpack-2.0.2/lib/action_controller/dispatcher.rb:9:in `dispatch'
C:/Ruby/lib/ruby/gems/1.8/gems/rails-2.0.2/lib/webrick_server.rb:112:in `handle_dispatch'
C:/Ruby/lib/ruby/gems/1.8/gems/rails-2.0.2/lib/webrick_server.rb:78:in `service'
C:/Ruby/lib/ruby/1.8/webrick/httpserver.rb:104:in `service'
C:/Ruby/lib/ruby/1.8/webrick/httpserver.rb:65:in `run'
C:/Ruby/lib/ruby/1.8/webrick/server.rb:173:in `start_thread'
C:/Ruby/lib/ruby/1.8/webrick/server.rb:162:in `start'
C:/Ruby/lib/ruby/1.8/webrick/server.rb:162:in `start_thread'
C:/Ruby/lib/ruby/1.8/webrick/server.rb:95:in `start'
C:/Ruby/lib/ruby/1.8/webrick/server.rb:92:in `each'
C:/Ruby/lib/ruby/1.8/webrick/server.rb:92:in `start'
C:/Ruby/lib/ruby/1.8/webrick/server.rb:23:in `start'
C:/Ruby/lib/ruby/1.8/webrick/server.rb:82:in `start'
C:/Ruby/lib/ruby/gems/1.8/gems/rails-2.0.2/lib/webrick_server.rb:62:in `dispatch'
C:/Ruby/lib/ruby/gems/1.8/gems/rails-2.0.2/lib/commands/servers/webrick.rb:66
C:/Ruby/lib/ruby/site_ruby/1.8/rubygems/custom_require.rb:31:in `gem_original_require'
C:/Ruby/lib/ruby/site_ruby/1.8/rubygems/custom_require.rb:31:in `require'
C:/Ruby/lib/ruby/gems/1.8/gems/activesupport-2.0.2/lib/active_support/dependencies.rb:496:in `require'
C:/Ruby/lib/ruby/gems/1.8/gems/activesupport-2.0.2/lib/active_support/dependencies.rb:342:in `new_constants_in'
C:/Ruby/lib/ruby/gems/1.8/gems/activesupport-2.0.2/lib/active_support/dependencies.rb:496:in `require'
C:/Ruby/lib/ruby/gems/1.8/gems/rails-2.0.2/lib/commands/server.rb:39
C:/Ruby/lib/ruby/site_ruby/1.8/rubygems/custom_require.rb:31:in `gem_original_require'
C:/Ruby/lib/ruby/site_ruby/1.8/rubygems/custom_require.rb:31:in `require'
script/server:3


ActionView::TemplateError (compile error
C:/RBOR/emp/app/views/author/new.html.erb:7: syntax error, unexpected kEND, expecting $end) on line #7 of author/new.html.erb:
4: <% end %> 
5: 
6: <%= link_to 'Back', :action => 'index' %>
    app/views/author/new.html.erb:7:in `compile_template'
    C:/Ruby/lib/ruby/gems/1.8/gems/actionpack-2.0.2/lib/action_view/base.rb:630:in `compile_and_render_template'
    C:/Ruby/lib/ruby/gems/1.8/gems/actionpack-2.0.2/lib/action_view/base.rb:365:in `render_template'
    C:/Ruby/lib/ruby/gems/1.8/gems/actionpack-2.0.2/lib/action_view/base.rb:316:in `render_file'
    C:/Ruby/lib/ruby/gems/1.8/gems/actionpack-2.0.2/lib/action_controller/base.rb:1100:in `render_for_file'
    C:/Ruby/lib/ruby/gems/1.8/gems/actionpack-2.0.2/lib/action_controller/base.rb:836:in `render_with_no_layout'
    C:/Ruby/lib/ruby/gems/1.8/gems/actionpack-2.0.2/lib/action_controller/layout.rb:262:in `render_without_benchmark'
    C:/Ruby/lib/ruby/gems/1.8/gems/actionpack-2.0.2/lib/action_controller/benchmarking.rb:51:in `render'
    C:/Ruby/lib/ruby/1.8/benchmark.rb:293:in `measure'
    C:/Ruby/lib/ruby/gems/1.8/gems/actionpack-2.0.2/lib/action_controller/benchmarking.rb:51:in `render'
    C:/Ruby/lib/ruby/gems/1.8/gems/actionpack-2.0.2/lib/action_controller/base.rb:1153:in `default_render'
    C:/Ruby/lib/ruby/gems/1.8/gems/actionpack-2.0.2/lib/action_controller/base.rb:1159:in `perform_action_without_filters'
    C:/Ruby/lib/ruby/gems/1.8/gems/actionpack-2.0.2/lib/action_controller/filters.rb:697:in `call_filters'
    C:/Ruby/lib/ruby/gems/1.8/gems/actionpack-2.0.2/lib/action_controller/filters.rb:689:in `perform_action_without_benchmark'
    C:/Ruby/lib/ruby/gems/1.8/gems/actionpack-2.0.2/lib/action_controller/benchmarking.rb:68:in `perform_action_without_rescue'
    C:/Ruby/lib/ruby/1.8/benchmark.rb:293:in `measure'
    C:/Ruby/lib/ruby/gems/1.8/gems/actionpack-2.0.2/lib/action_controller/benchmarking.rb:68:in `perform_action_without_rescue'
    C:/Ruby/lib/ruby/gems/1.8/gems/actionpack-2.0.2/lib/action_controller/rescue.rb:199:in `perform_action_without_caching'
    C:/Ruby/lib/ruby/gems/1.8/gems/actionpack-2.0.2/lib/action_controller/caching.rb:678:in `perform_action'
    C:/Ruby/lib/ruby/gems/1.8/gems/activerecord-2.0.2/lib/active_record/connection_adapters/abstract/query_cache.rb:33:in `cache'
    C:/Ruby/lib/ruby/gems/1.8/gems/activerecord-2.0.2/lib/active_record/query_cache.rb:8:in `cache'
    C:/Ruby/lib/ruby/gems/1.8/gems/actionpack-2.0.2/lib/action_controller/caching.rb:677:in `perform_action'
    C:/Ruby/lib/ruby/gems/1.8/gems/actionpack-2.0.2/lib/action_controller/base.rb:524:in `send'
    C:/Ruby/lib/ruby/gems/1.8/gems/actionpack-2.0.2/lib/action_controller/base.rb:524:in `process_without_filters'
    C:/Ruby/lib/ruby/gems/1.8/gems/actionpack-2.0.2/lib/action_controller/filters.rb:685:in `process_without_session_management_support'
    C:/Ruby/lib/ruby/gems/1.8/gems/actionpack-2.0.2/lib/action_controller/session_management.rb:123:in `process'
    C:/Ruby/lib/ruby/gems/1.8/gems/actionpack-2.0.2/lib/action_controller/base.rb:388:in `process'
    C:/Ruby/lib/ruby/gems/1.8/gems/actionpack-2.0.2/lib/action_controller/dispatcher.rb:171:in `handle_request'
    C:/Ruby/lib/ruby/gems/1.8/gems/actionpack-2.0.2/lib/action_controller/dispatcher.rb:115:in `dispatch'
    C:/Ruby/lib/ruby/gems/1.8/gems/actionpack-2.0.2/lib/action_controller/dispatcher.rb:126:in `dispatch_cgi'
    C:/Ruby/lib/ruby/gems/1.8/gems/actionpack-2.0.2/lib/action_controller/dispatcher.rb:9:in `dispatch'
    C:/Ruby/lib/ruby/gems/1.8/gems/rails-2.0.2/lib/webrick_server.rb:112:in `handle_dispatch'
    C:/Ruby/lib/ruby/gems/1.8/gems/rails-2.0.2/lib/webrick_server.rb:78:in `service'
    C:/Ruby/lib/ruby/1.8/webrick/httpserver.rb:104:in `service'
    C:/Ruby/lib/ruby/1.8/webrick/httpserver.rb:65:in `run'
    C:/Ruby/lib/ruby/1.8/webrick/server.rb:173:in `start_thread'
    C:/Ruby/lib/ruby/1.8/webrick/server.rb:162:in `start'
    C:/Ruby/lib/ruby/1.8/webrick/server.rb:162:in `start_thread'
    C:/Ruby/lib/ruby/1.8/webrick/server.rb:95:in `start'
    C:/Ruby/lib/ruby/1.8/webrick/server.rb:92:in `each'
    C:/Ruby/lib/ruby/1.8/webrick/server.rb:92:in `start'
    C:/Ruby/lib/ruby/1.8/webrick/server.rb:23:in `start'
    C:/Ruby/lib/ruby/1.8/webrick/server.rb:82:in `start'
    C:/Ruby/lib/ruby/gems/1.8/gems/rails-2.0.2/lib/webrick_server.rb:62:in `dispatch'
    C:/Ruby/lib/ruby/gems/1.8/gems/rails-2.0.2/lib/commands/servers/webrick.rb:66
    C:/Ruby/lib/ruby/site_ruby/1.8/rubygems/custom_require.rb:31:in `gem_original_require'
    C:/Ruby/lib/ruby/site_ruby/1.8/rubygems/custom_require.rb:31:in `require'
    C:/Ruby/lib/ruby/gems/1.8/gems/activesupport-2.0.2/lib/active_support/dependencies.rb:496:in `require'
    C:/Ruby/lib/ruby/gems/1.8/gems/activesupport-2.0.2/lib/active_support/dependencies.rb:342:in `new_constants_in'
    C:/Ruby/lib/ruby/gems/1.8/gems/activesupport-2.0.2/lib/active_support/dependencies.rb:496:in `require'
    C:/Ruby/lib/ruby/gems/1.8/gems/rails-2.0.2/lib/commands/server.rb:39
    C:/Ruby/lib/ruby/site_ruby/1.8/rubygems/custom_require.rb:31:in `gem_original_require'
    C:/Ruby/lib/ruby/site_ruby/1.8/rubygems/custom_require.rb:31:in `require'
    script/server:3

Rendering C:/Ruby/lib/ruby/gems/1.8/gems/actionpack-2.0.2/lib/action_controller/templates/rescues/layout.erb (internal_server_error)


Processing AuthorController#new (for 127.0.0.1 at 2010-03-22 18:53:20) [GET]
  Session ID: BAh7BiIKZmxhc2hJQzonQWN0aW9uQ29udHJvbGxlcjo6Rmxhc2g6OkZsYXNo%0ASGFzaHsABjoKQHVzZWR7AA%3D%3D--57525d374517c7a49a1385ac129234929ff6e8b9
  Parameters: {"action"=>"new", "controller"=>"author"}
Rendering template within layouts/application
Rendering author/new
ERROR: compiling _run_erb_47app47views47author47new46html46erb RAISED compile error
C:/RBOR/emp/app/views/author/new.html.erb:7: syntax error, unexpected kEND, expecting $end
Function body: def _run_erb_47app47views47author47new46html46erb(local_assigns)
_erbout = '';  form_for :action => 'create' ; _erbout.concat "\n"
_erbout.concat " "; _erbout.concat(( render :partial => 'form' ).to_s); _erbout.concat "\n"
_erbout.concat " "; _erbout.concat(( submit_tag 'Create' ).to_s); _erbout.concat "\n"
 end ; _erbout.concat " \n"
_erbout.concat "\n"
_erbout.concat(( link_to 'Back', :action => 'index' ).to_s); _erbout
end
Backtrace: C:/RBOR/emp/app/views/author/new.html.erb:7:in `compile_template'
C:/Ruby/lib/ruby/gems/1.8/gems/actionpack-2.0.2/lib/action_view/base.rb:630:in `compile_and_render_template'
C:/Ruby/lib/ruby/gems/1.8/gems/actionpack-2.0.2/lib/action_view/base.rb:365:in `render_template'
C:/Ruby/lib/ruby/gems/1.8/gems/actionpack-2.0.2/lib/action_view/base.rb:316:in `render_file'
C:/Ruby/lib/ruby/gems/1.8/gems/actionpack-2.0.2/lib/action_controller/base.rb:1100:in `render_for_file'
C:/Ruby/lib/ruby/gems/1.8/gems/actionpack-2.0.2/lib/action_controller/base.rb:836:in `render_with_no_layout'
C:/Ruby/lib/ruby/gems/1.8/gems/actionpack-2.0.2/lib/action_controller/layout.rb:262:in `render_without_benchmark'
C:/Ruby/lib/ruby/gems/1.8/gems/actionpack-2.0.2/lib/action_controller/benchmarking.rb:51:in `render'
C:/Ruby/lib/ruby/1.8/benchmark.rb:293:in `measure'
C:/Ruby/lib/ruby/gems/1.8/gems/actionpack-2.0.2/lib/action_controller/benchmarking.rb:51:in `render'
C:/Ruby/lib/ruby/gems/1.8/gems/actionpack-2.0.2/lib/action_controller/base.rb:1153:in `default_render'
C:/Ruby/lib/ruby/gems/1.8/gems/actionpack-2.0.2/lib/action_controller/base.rb:1159:in `perform_action_without_filters'
C:/Ruby/lib/ruby/gems/1.8/gems/actionpack-2.0.2/lib/action_controller/filters.rb:697:in `call_filters'
C:/Ruby/lib/ruby/gems/1.8/gems/actionpack-2.0.2/lib/action_controller/filters.rb:689:in `perform_action_without_benchmark'
C:/Ruby/lib/ruby/gems/1.8/gems/actionpack-2.0.2/lib/action_controller/benchmarking.rb:68:in `perform_action_without_rescue'
C:/Ruby/lib/ruby/1.8/benchmark.rb:293:in `measure'
C:/Ruby/lib/ruby/gems/1.8/gems/actionpack-2.0.2/lib/action_controller/benchmarking.rb:68:in `perform_action_without_rescue'
C:/Ruby/lib/ruby/gems/1.8/gems/actionpack-2.0.2/lib/action_controller/rescue.rb:199:in `perform_action_without_caching'
C:/Ruby/lib/ruby/gems/1.8/gems/actionpack-2.0.2/lib/action_controller/caching.rb:678:in `perform_action'
C:/Ruby/lib/ruby/gems/1.8/gems/activerecord-2.0.2/lib/active_record/connection_adapters/abstract/query_cache.rb:33:in `cache'
C:/Ruby/lib/ruby/gems/1.8/gems/activerecord-2.0.2/lib/active_record/query_cache.rb:8:in `cache'
C:/Ruby/lib/ruby/gems/1.8/gems/actionpack-2.0.2/lib/action_controller/caching.rb:677:in `perform_action'
C:/Ruby/lib/ruby/gems/1.8/gems/actionpack-2.0.2/lib/action_controller/base.rb:524:in `send'
C:/Ruby/lib/ruby/gems/1.8/gems/actionpack-2.0.2/lib/action_controller/base.rb:524:in `process_without_filters'
C:/Ruby/lib/ruby/gems/1.8/gems/actionpack-2.0.2/lib/action_controller/filters.rb:685:in `process_without_session_management_support'
C:/Ruby/lib/ruby/gems/1.8/gems/actionpack-2.0.2/lib/action_controller/session_management.rb:123:in `process'
C:/Ruby/lib/ruby/gems/1.8/gems/actionpack-2.0.2/lib/action_controller/base.rb:388:in `process'
C:/Ruby/lib/ruby/gems/1.8/gems/actionpack-2.0.2/lib/action_controller/dispatcher.rb:171:in `handle_request'
C:/Ruby/lib/ruby/gems/1.8/gems/actionpack-2.0.2/lib/action_controller/dispatcher.rb:115:in `dispatch'
C:/Ruby/lib/ruby/gems/1.8/gems/actionpack-2.0.2/lib/action_controller/dispatcher.rb:126:in `dispatch_cgi'
C:/Ruby/lib/ruby/gems/1.8/gems/actionpack-2.0.2/lib/action_controller/dispatcher.rb:9:in `dispatch'
C:/Ruby/lib/ruby/gems/1.8/gems/rails-2.0.2/lib/webrick_server.rb:112:in `handle_dispatch'
C:/Ruby/lib/ruby/gems/1.8/gems/rails-2.0.2/lib/webrick_server.rb:78:in `service'
C:/Ruby/lib/ruby/1.8/webrick/httpserver.rb:104:in `service'
C:/Ruby/lib/ruby/1.8/webrick/httpserver.rb:65:in `run'
C:/Ruby/lib/ruby/1.8/webrick/server.rb:173:in `start_thread'
C:/Ruby/lib/ruby/1.8/webrick/server.rb:162:in `start'
C:/Ruby/lib/ruby/1.8/webrick/server.rb:162:in `start_thread'
C:/Ruby/lib/ruby/1.8/webrick/server.rb:95:in `start'
C:/Ruby/lib/ruby/1.8/webrick/server.rb:92:in `each'
C:/Ruby/lib/ruby/1.8/webrick/server.rb:92:in `start'
C:/Ruby/lib/ruby/1.8/webrick/server.rb:23:in `start'
C:/Ruby/lib/ruby/1.8/webrick/server.rb:82:in `start'
C:/Ruby/lib/ruby/gems/1.8/gems/rails-2.0.2/lib/webrick_server.rb:62:in `dispatch'
C:/Ruby/lib/ruby/gems/1.8/gems/rails-2.0.2/lib/commands/servers/webrick.rb:66
C:/Ruby/lib/ruby/site_ruby/1.8/rubygems/custom_require.rb:31:in `gem_original_require'
C:/Ruby/lib/ruby/site_ruby/1.8/rubygems/custom_require.rb:31:in `require'
C:/Ruby/lib/ruby/gems/1.8/gems/activesupport-2.0.2/lib/active_support/dependencies.rb:496:in `require'
C:/Ruby/lib/ruby/gems/1.8/gems/activesupport-2.0.2/lib/active_support/dependencies.rb:342:in `new_constants_in'
C:/Ruby/lib/ruby/gems/1.8/gems/activesupport-2.0.2/lib/active_support/dependencies.rb:496:in `require'
C:/Ruby/lib/ruby/gems/1.8/gems/rails-2.0.2/lib/commands/server.rb:39
C:/Ruby/lib/ruby/site_ruby/1.8/rubygems/custom_require.rb:31:in `gem_original_require'
C:/Ruby/lib/ruby/site_ruby/1.8/rubygems/custom_require.rb:31:in `require'
script/server:3


ActionView::TemplateError (compile error
C:/RBOR/emp/app/views/author/new.html.erb:7: syntax error, unexpected kEND, expecting $end) on line #7 of author/new.html.erb:
4: <% end %> 
5: 
6: <%= link_to 'Back', :action => 'index' %>
    app/views/author/new.html.erb:7:in `compile_template'
    C:/Ruby/lib/ruby/gems/1.8/gems/actionpack-2.0.2/lib/action_view/base.rb:630:in `compile_and_render_template'
    C:/Ruby/lib/ruby/gems/1.8/gems/actionpack-2.0.2/lib/action_view/base.rb:365:in `render_template'
    C:/Ruby/lib/ruby/gems/1.8/gems/actionpack-2.0.2/lib/action_view/base.rb:316:in `render_file'
    C:/Ruby/lib/ruby/gems/1.8/gems/actionpack-2.0.2/lib/action_controller/base.rb:1100:in `render_for_file'
    C:/Ruby/lib/ruby/gems/1.8/gems/actionpack-2.0.2/lib/action_controller/base.rb:836:in `render_with_no_layout'
    C:/Ruby/lib/ruby/gems/1.8/gems/actionpack-2.0.2/lib/action_controller/layout.rb:262:in `render_without_benchmark'
    C:/Ruby/lib/ruby/gems/1.8/gems/actionpack-2.0.2/lib/action_controller/benchmarking.rb:51:in `render'
    C:/Ruby/lib/ruby/1.8/benchmark.rb:293:in `measure'
    C:/Ruby/lib/ruby/gems/1.8/gems/actionpack-2.0.2/lib/action_controller/benchmarking.rb:51:in `render'
    C:/Ruby/lib/ruby/gems/1.8/gems/actionpack-2.0.2/lib/action_controller/base.rb:1153:in `default_render'
    C:/Ruby/lib/ruby/gems/1.8/gems/actionpack-2.0.2/lib/action_controller/base.rb:1159:in `perform_action_without_filters'
    C:/Ruby/lib/ruby/gems/1.8/gems/actionpack-2.0.2/lib/action_controller/filters.rb:697:in `call_filters'
    C:/Ruby/lib/ruby/gems/1.8/gems/actionpack-2.0.2/lib/action_controller/filters.rb:689:in `perform_action_without_benchmark'
    C:/Ruby/lib/ruby/gems/1.8/gems/actionpack-2.0.2/lib/action_controller/benchmarking.rb:68:in `perform_action_without_rescue'
    C:/Ruby/lib/ruby/1.8/benchmark.rb:293:in `measure'
    C:/Ruby/lib/ruby/gems/1.8/gems/actionpack-2.0.2/lib/action_controller/benchmarking.rb:68:in `perform_action_without_rescue'
    C:/Ruby/lib/ruby/gems/1.8/gems/actionpack-2.0.2/lib/action_controller/rescue.rb:199:in `perform_action_without_caching'
    C:/Ruby/lib/ruby/gems/1.8/gems/actionpack-2.0.2/lib/action_controller/caching.rb:678:in `perform_action'
    C:/Ruby/lib/ruby/gems/1.8/gems/activerecord-2.0.2/lib/active_record/connection_adapters/abstract/query_cache.rb:33:in `cache'
    C:/Ruby/lib/ruby/gems/1.8/gems/activerecord-2.0.2/lib/active_record/query_cache.rb:8:in `cache'
    C:/Ruby/lib/ruby/gems/1.8/gems/actionpack-2.0.2/lib/action_controller/caching.rb:677:in `perform_action'
    C:/Ruby/lib/ruby/gems/1.8/gems/actionpack-2.0.2/lib/action_controller/base.rb:524:in `send'
    C:/Ruby/lib/ruby/gems/1.8/gems/actionpack-2.0.2/lib/action_controller/base.rb:524:in `process_without_filters'
    C:/Ruby/lib/ruby/gems/1.8/gems/actionpack-2.0.2/lib/action_controller/filters.rb:685:in `process_without_session_management_support'
    C:/Ruby/lib/ruby/gems/1.8/gems/actionpack-2.0.2/lib/action_controller/session_management.rb:123:in `process'
    C:/Ruby/lib/ruby/gems/1.8/gems/actionpack-2.0.2/lib/action_controller/base.rb:388:in `process'
    C:/Ruby/lib/ruby/gems/1.8/gems/actionpack-2.0.2/lib/action_controller/dispatcher.rb:171:in `handle_request'
    C:/Ruby/lib/ruby/gems/1.8/gems/actionpack-2.0.2/lib/action_controller/dispatcher.rb:115:in `dispatch'
    C:/Ruby/lib/ruby/gems/1.8/gems/actionpack-2.0.2/lib/action_controller/dispatcher.rb:126:in `dispatch_cgi'
    C:/Ruby/lib/ruby/gems/1.8/gems/actionpack-2.0.2/lib/action_controller/dispatcher.rb:9:in `dispatch'
    C:/Ruby/lib/ruby/gems/1.8/gems/rails-2.0.2/lib/webrick_server.rb:112:in `handle_dispatch'
    C:/Ruby/lib/ruby/gems/1.8/gems/rails-2.0.2/lib/webrick_server.rb:78:in `service'
    C:/Ruby/lib/ruby/1.8/webrick/httpserver.rb:104:in `service'
    C:/Ruby/lib/ruby/1.8/webrick/httpserver.rb:65:in `run'
    C:/Ruby/lib/ruby/1.8/webrick/server.rb:173:in `start_thread'
    C:/Ruby/lib/ruby/1.8/webrick/server.rb:162:in `start'
    C:/Ruby/lib/ruby/1.8/webrick/server.rb:162:in `start_thread'
    C:/Ruby/lib/ruby/1.8/webrick/server.rb:95:in `start'
    C:/Ruby/lib/ruby/1.8/webrick/server.rb:92:in `each'
    C:/Ruby/lib/ruby/1.8/webrick/server.rb:92:in `start'
    C:/Ruby/lib/ruby/1.8/webrick/server.rb:23:in `start'
    C:/Ruby/lib/ruby/1.8/webrick/server.rb:82:in `start'
    C:/Ruby/lib/ruby/gems/1.8/gems/rails-2.0.2/lib/webrick_server.rb:62:in `dispatch'
    C:/Ruby/lib/ruby/gems/1.8/gems/rails-2.0.2/lib/commands/servers/webrick.rb:66
    C:/Ruby/lib/ruby/site_ruby/1.8/rubygems/custom_require.rb:31:in `gem_original_require'
    C:/Ruby/lib/ruby/site_ruby/1.8/rubygems/custom_require.rb:31:in `require'
    C:/Ruby/lib/ruby/gems/1.8/gems/activesupport-2.0.2/lib/active_support/dependencies.rb:496:in `require'
    C:/Ruby/lib/ruby/gems/1.8/gems/activesupport-2.0.2/lib/active_support/dependencies.rb:342:in `new_constants_in'
    C:/Ruby/lib/ruby/gems/1.8/gems/activesupport-2.0.2/lib/active_support/dependencies.rb:496:in `require'
    C:/Ruby/lib/ruby/gems/1.8/gems/rails-2.0.2/lib/commands/server.rb:39
    C:/Ruby/lib/ruby/site_ruby/1.8/rubygems/custom_require.rb:31:in `gem_original_require'
    C:/Ruby/lib/ruby/site_ruby/1.8/rubygems/custom_require.rb:31:in `require'
    script/server:3

Rendering C:/Ruby/lib/ruby/gems/1.8/gems/actionpack-2.0.2/lib/action_controller/templates/rescues/layout.erb (internal_server_error)


Processing AuthorController#new (for 127.0.0.1 at 2010-03-22 18:54:33) [GET]
  Session ID: BAh7BiIKZmxhc2hJQzonQWN0aW9uQ29udHJvbGxlcjo6Rmxhc2g6OkZsYXNo%0ASGFzaHsABjoKQHVzZWR7AA%3D%3D--57525d374517c7a49a1385ac129234929ff6e8b9
  Parameters: {"action"=>"new", "controller"=>"author"}
Rendering template within layouts/application
Rendering author/new
ERROR: compiling _run_erb_47app47views47author47new46html46erb RAISED compile error
C:/RBOR/emp/app/views/author/new.html.erb:1: syntax error, unexpected ':', expecting kEND
...out = '';  form_for(@author) :action => 'create' ; _erbout.c...
                              ^
C:/RBOR/emp/app/views/author/new.html.erb:7: syntax error, unexpected kEND, expecting $end
Function body: def _run_erb_47app47views47author47new46html46erb(local_assigns)
_erbout = '';  form_for(@author) :action => 'create' ; _erbout.concat "\n"
_erbout.concat " "; _erbout.concat(( render :partial => 'form' ).to_s); _erbout.concat "\n"
_erbout.concat " "; _erbout.concat(( submit_tag 'Create' ).to_s); _erbout.concat "\n"
 end ; _erbout.concat " \n"
_erbout.concat "\n"
_erbout.concat(( link_to 'Back', :action => 'index' ).to_s); _erbout
end
Backtrace: C:/RBOR/emp/app/views/author/new.html.erb:7:in `compile_template'
C:/Ruby/lib/ruby/gems/1.8/gems/actionpack-2.0.2/lib/action_view/base.rb:630:in `compile_and_render_template'
C:/Ruby/lib/ruby/gems/1.8/gems/actionpack-2.0.2/lib/action_view/base.rb:365:in `render_template'
C:/Ruby/lib/ruby/gems/1.8/gems/actionpack-2.0.2/lib/action_view/base.rb:316:in `render_file'
C:/Ruby/lib/ruby/gems/1.8/gems/actionpack-2.0.2/lib/action_controller/base.rb:1100:in `render_for_file'
C:/Ruby/lib/ruby/gems/1.8/gems/actionpack-2.0.2/lib/action_controller/base.rb:836:in `render_with_no_layout'
C:/Ruby/lib/ruby/gems/1.8/gems/actionpack-2.0.2/lib/action_controller/layout.rb:262:in `render_without_benchmark'
C:/Ruby/lib/ruby/gems/1.8/gems/actionpack-2.0.2/lib/action_controller/benchmarking.rb:51:in `render'
C:/Ruby/lib/ruby/1.8/benchmark.rb:293:in `measure'
C:/Ruby/lib/ruby/gems/1.8/gems/actionpack-2.0.2/lib/action_controller/benchmarking.rb:51:in `render'
C:/Ruby/lib/ruby/gems/1.8/gems/actionpack-2.0.2/lib/action_controller/base.rb:1153:in `default_render'
C:/Ruby/lib/ruby/gems/1.8/gems/actionpack-2.0.2/lib/action_controller/base.rb:1159:in `perform_action_without_filters'
C:/Ruby/lib/ruby/gems/1.8/gems/actionpack-2.0.2/lib/action_controller/filters.rb:697:in `call_filters'
C:/Ruby/lib/ruby/gems/1.8/gems/actionpack-2.0.2/lib/action_controller/filters.rb:689:in `perform_action_without_benchmark'
C:/Ruby/lib/ruby/gems/1.8/gems/actionpack-2.0.2/lib/action_controller/benchmarking.rb:68:in `perform_action_without_rescue'
C:/Ruby/lib/ruby/1.8/benchmark.rb:293:in `measure'
C:/Ruby/lib/ruby/gems/1.8/gems/actionpack-2.0.2/lib/action_controller/benchmarking.rb:68:in `perform_action_without_rescue'
C:/Ruby/lib/ruby/gems/1.8/gems/actionpack-2.0.2/lib/action_controller/rescue.rb:199:in `perform_action_without_caching'
C:/Ruby/lib/ruby/gems/1.8/gems/actionpack-2.0.2/lib/action_controller/caching.rb:678:in `perform_action'
C:/Ruby/lib/ruby/gems/1.8/gems/activerecord-2.0.2/lib/active_record/connection_adapters/abstract/query_cache.rb:33:in `cache'
C:/Ruby/lib/ruby/gems/1.8/gems/activerecord-2.0.2/lib/active_record/query_cache.rb:8:in `cache'
C:/Ruby/lib/ruby/gems/1.8/gems/actionpack-2.0.2/lib/action_controller/caching.rb:677:in `perform_action'
C:/Ruby/lib/ruby/gems/1.8/gems/actionpack-2.0.2/lib/action_controller/base.rb:524:in `send'
C:/Ruby/lib/ruby/gems/1.8/gems/actionpack-2.0.2/lib/action_controller/base.rb:524:in `process_without_filters'
C:/Ruby/lib/ruby/gems/1.8/gems/actionpack-2.0.2/lib/action_controller/filters.rb:685:in `process_without_session_management_support'
C:/Ruby/lib/ruby/gems/1.8/gems/actionpack-2.0.2/lib/action_controller/session_management.rb:123:in `process'
C:/Ruby/lib/ruby/gems/1.8/gems/actionpack-2.0.2/lib/action_controller/base.rb:388:in `process'
C:/Ruby/lib/ruby/gems/1.8/gems/actionpack-2.0.2/lib/action_controller/dispatcher.rb:171:in `handle_request'
C:/Ruby/lib/ruby/gems/1.8/gems/actionpack-2.0.2/lib/action_controller/dispatcher.rb:115:in `dispatch'
C:/Ruby/lib/ruby/gems/1.8/gems/actionpack-2.0.2/lib/action_controller/dispatcher.rb:126:in `dispatch_cgi'
C:/Ruby/lib/ruby/gems/1.8/gems/actionpack-2.0.2/lib/action_controller/dispatcher.rb:9:in `dispatch'
C:/Ruby/lib/ruby/gems/1.8/gems/rails-2.0.2/lib/webrick_server.rb:112:in `handle_dispatch'
C:/Ruby/lib/ruby/gems/1.8/gems/rails-2.0.2/lib/webrick_server.rb:78:in `service'
C:/Ruby/lib/ruby/1.8/webrick/httpserver.rb:104:in `service'
C:/Ruby/lib/ruby/1.8/webrick/httpserver.rb:65:in `run'
C:/Ruby/lib/ruby/1.8/webrick/server.rb:173:in `start_thread'
C:/Ruby/lib/ruby/1.8/webrick/server.rb:162:in `start'
C:/Ruby/lib/ruby/1.8/webrick/server.rb:162:in `start_thread'
C:/Ruby/lib/ruby/1.8/webrick/server.rb:95:in `start'
C:/Ruby/lib/ruby/1.8/webrick/server.rb:92:in `each'
C:/Ruby/lib/ruby/1.8/webrick/server.rb:92:in `start'
C:/Ruby/lib/ruby/1.8/webrick/server.rb:23:in `start'
C:/Ruby/lib/ruby/1.8/webrick/server.rb:82:in `start'
C:/Ruby/lib/ruby/gems/1.8/gems/rails-2.0.2/lib/webrick_server.rb:62:in `dispatch'
C:/Ruby/lib/ruby/gems/1.8/gems/rails-2.0.2/lib/commands/servers/webrick.rb:66
C:/Ruby/lib/ruby/site_ruby/1.8/rubygems/custom_require.rb:31:in `gem_original_require'
C:/Ruby/lib/ruby/site_ruby/1.8/rubygems/custom_require.rb:31:in `require'
C:/Ruby/lib/ruby/gems/1.8/gems/activesupport-2.0.2/lib/active_support/dependencies.rb:496:in `require'
C:/Ruby/lib/ruby/gems/1.8/gems/activesupport-2.0.2/lib/active_support/dependencies.rb:342:in `new_constants_in'
C:/Ruby/lib/ruby/gems/1.8/gems/activesupport-2.0.2/lib/active_support/dependencies.rb:496:in `require'
C:/Ruby/lib/ruby/gems/1.8/gems/rails-2.0.2/lib/commands/server.rb:39
C:/Ruby/lib/ruby/site_ruby/1.8/rubygems/custom_require.rb:31:in `gem_original_require'
C:/Ruby/lib/ruby/site_ruby/1.8/rubygems/custom_require.rb:31:in `require'
script/server:3


ActionView::TemplateError (compile error
C:/RBOR/emp/app/views/author/new.html.erb:1: syntax error, unexpected ':', expecting kEND
...out = '';  form_for(@author) :action => 'create' ; _erbout.c...
                              ^
C:/RBOR/emp/app/views/author/new.html.erb:7: syntax error, unexpected kEND, expecting $end) on line #1 of author/new.html.erb:
1: <% form_for(@author) :action => 'create' %>
2:  <%= render :partial => 'form' %>
3:  <%= submit_tag 'Create' %>
4: <% end %> 

    app/views/author/new.html.erb:7:in `compile_template'
    C:/Ruby/lib/ruby/gems/1.8/gems/actionpack-2.0.2/lib/action_view/base.rb:630:in `compile_and_render_template'
    C:/Ruby/lib/ruby/gems/1.8/gems/actionpack-2.0.2/lib/action_view/base.rb:365:in `render_template'
    C:/Ruby/lib/ruby/gems/1.8/gems/actionpack-2.0.2/lib/action_view/base.rb:316:in `render_file'
    C:/Ruby/lib/ruby/gems/1.8/gems/actionpack-2.0.2/lib/action_controller/base.rb:1100:in `render_for_file'
    C:/Ruby/lib/ruby/gems/1.8/gems/actionpack-2.0.2/lib/action_controller/base.rb:836:in `render_with_no_layout'
    C:/Ruby/lib/ruby/gems/1.8/gems/actionpack-2.0.2/lib/action_controller/layout.rb:262:in `render_without_benchmark'
    C:/Ruby/lib/ruby/gems/1.8/gems/actionpack-2.0.2/lib/action_controller/benchmarking.rb:51:in `render'
    C:/Ruby/lib/ruby/1.8/benchmark.rb:293:in `measure'
    C:/Ruby/lib/ruby/gems/1.8/gems/actionpack-2.0.2/lib/action_controller/benchmarking.rb:51:in `render'
    C:/Ruby/lib/ruby/gems/1.8/gems/actionpack-2.0.2/lib/action_controller/base.rb:1153:in `default_render'
    C:/Ruby/lib/ruby/gems/1.8/gems/actionpack-2.0.2/lib/action_controller/base.rb:1159:in `perform_action_without_filters'
    C:/Ruby/lib/ruby/gems/1.8/gems/actionpack-2.0.2/lib/action_controller/filters.rb:697:in `call_filters'
    C:/Ruby/lib/ruby/gems/1.8/gems/actionpack-2.0.2/lib/action_controller/filters.rb:689:in `perform_action_without_benchmark'
    C:/Ruby/lib/ruby/gems/1.8/gems/actionpack-2.0.2/lib/action_controller/benchmarking.rb:68:in `perform_action_without_rescue'
    C:/Ruby/lib/ruby/1.8/benchmark.rb:293:in `measure'
    C:/Ruby/lib/ruby/gems/1.8/gems/actionpack-2.0.2/lib/action_controller/benchmarking.rb:68:in `perform_action_without_rescue'
    C:/Ruby/lib/ruby/gems/1.8/gems/actionpack-2.0.2/lib/action_controller/rescue.rb:199:in `perform_action_without_caching'
    C:/Ruby/lib/ruby/gems/1.8/gems/actionpack-2.0.2/lib/action_controller/caching.rb:678:in `perform_action'
    C:/Ruby/lib/ruby/gems/1.8/gems/activerecord-2.0.2/lib/active_record/connection_adapters/abstract/query_cache.rb:33:in `cache'
    C:/Ruby/lib/ruby/gems/1.8/gems/activerecord-2.0.2/lib/active_record/query_cache.rb:8:in `cache'
    C:/Ruby/lib/ruby/gems/1.8/gems/actionpack-2.0.2/lib/action_controller/caching.rb:677:in `perform_action'
    C:/Ruby/lib/ruby/gems/1.8/gems/actionpack-2.0.2/lib/action_controller/base.rb:524:in `send'
    C:/Ruby/lib/ruby/gems/1.8/gems/actionpack-2.0.2/lib/action_controller/base.rb:524:in `process_without_filters'
    C:/Ruby/lib/ruby/gems/1.8/gems/actionpack-2.0.2/lib/action_controller/filters.rb:685:in `process_without_session_management_support'
    C:/Ruby/lib/ruby/gems/1.8/gems/actionpack-2.0.2/lib/action_controller/session_management.rb:123:in `process'
    C:/Ruby/lib/ruby/gems/1.8/gems/actionpack-2.0.2/lib/action_controller/base.rb:388:in `process'
    C:/Ruby/lib/ruby/gems/1.8/gems/actionpack-2.0.2/lib/action_controller/dispatcher.rb:171:in `handle_request'
    C:/Ruby/lib/ruby/gems/1.8/gems/actionpack-2.0.2/lib/action_controller/dispatcher.rb:115:in `dispatch'
    C:/Ruby/lib/ruby/gems/1.8/gems/actionpack-2.0.2/lib/action_controller/dispatcher.rb:126:in `dispatch_cgi'
    C:/Ruby/lib/ruby/gems/1.8/gems/actionpack-2.0.2/lib/action_controller/dispatcher.rb:9:in `dispatch'
    C:/Ruby/lib/ruby/gems/1.8/gems/rails-2.0.2/lib/webrick_server.rb:112:in `handle_dispatch'
    C:/Ruby/lib/ruby/gems/1.8/gems/rails-2.0.2/lib/webrick_server.rb:78:in `service'
    C:/Ruby/lib/ruby/1.8/webrick/httpserver.rb:104:in `service'
    C:/Ruby/lib/ruby/1.8/webrick/httpserver.rb:65:in `run'
    C:/Ruby/lib/ruby/1.8/webrick/server.rb:173:in `start_thread'
    C:/Ruby/lib/ruby/1.8/webrick/server.rb:162:in `start'
    C:/Ruby/lib/ruby/1.8/webrick/server.rb:162:in `start_thread'
    C:/Ruby/lib/ruby/1.8/webrick/server.rb:95:in `start'
    C:/Ruby/lib/ruby/1.8/webrick/server.rb:92:in `each'
    C:/Ruby/lib/ruby/1.8/webrick/server.rb:92:in `start'
    C:/Ruby/lib/ruby/1.8/webrick/server.rb:23:in `start'
    C:/Ruby/lib/ruby/1.8/webrick/server.rb:82:in `start'
    C:/Ruby/lib/ruby/gems/1.8/gems/rails-2.0.2/lib/webrick_server.rb:62:in `dispatch'
    C:/Ruby/lib/ruby/gems/1.8/gems/rails-2.0.2/lib/commands/servers/webrick.rb:66
    C:/Ruby/lib/ruby/site_ruby/1.8/rubygems/custom_require.rb:31:in `gem_original_require'
    C:/Ruby/lib/ruby/site_ruby/1.8/rubygems/custom_require.rb:31:in `require'
    C:/Ruby/lib/ruby/gems/1.8/gems/activesupport-2.0.2/lib/active_support/dependencies.rb:496:in `require'
    C:/Ruby/lib/ruby/gems/1.8/gems/activesupport-2.0.2/lib/active_support/dependencies.rb:342:in `new_constants_in'
    C:/Ruby/lib/ruby/gems/1.8/gems/activesupport-2.0.2/lib/active_support/dependencies.rb:496:in `require'
    C:/Ruby/lib/ruby/gems/1.8/gems/rails-2.0.2/lib/commands/server.rb:39
    C:/Ruby/lib/ruby/site_ruby/1.8/rubygems/custom_require.rb:31:in `gem_original_require'
    C:/Ruby/lib/ruby/site_ruby/1.8/rubygems/custom_require.rb:31:in `require'
    script/server:3

Rendering C:/Ruby/lib/ruby/gems/1.8/gems/actionpack-2.0.2/lib/action_controller/templates/rescues/layout.erb (internal_server_error)


Processing AuthorController#new (for 127.0.0.1 at 2010-03-22 18:54:43) [GET]
  Session ID: BAh7BiIKZmxhc2hJQzonQWN0aW9uQ29udHJvbGxlcjo6Rmxhc2g6OkZsYXNo%0ASGFzaHsABjoKQHVzZWR7AA%3D%3D--57525d374517c7a49a1385ac129234929ff6e8b9
  Parameters: {"action"=>"new", "controller"=>"author"}
Rendering template within layouts/application
Rendering author/new
ERROR: compiling _run_erb_47app47views47author47new46html46erb RAISED compile error
C:/RBOR/emp/app/views/author/new.html.erb:1: syntax error, unexpected ',', expecting kEND
...bout = '';  form_for(@author), :action => 'create' ; _erbout...
                              ^
C:/RBOR/emp/app/views/author/new.html.erb:7: syntax error, unexpected kEND, expecting $end
Function body: def _run_erb_47app47views47author47new46html46erb(local_assigns)
_erbout = '';  form_for(@author), :action => 'create' ; _erbout.concat "\n"
_erbout.concat " "; _erbout.concat(( render :partial => 'form' ).to_s); _erbout.concat "\n"
_erbout.concat " "; _erbout.concat(( submit_tag 'Create' ).to_s); _erbout.concat "\n"
 end ; _erbout.concat " \n"
_erbout.concat "\n"
_erbout.concat(( link_to 'Back', :action => 'index' ).to_s); _erbout
end
Backtrace: C:/RBOR/emp/app/views/author/new.html.erb:7:in `compile_template'
C:/Ruby/lib/ruby/gems/1.8/gems/actionpack-2.0.2/lib/action_view/base.rb:630:in `compile_and_render_template'
C:/Ruby/lib/ruby/gems/1.8/gems/actionpack-2.0.2/lib/action_view/base.rb:365:in `render_template'
C:/Ruby/lib/ruby/gems/1.8/gems/actionpack-2.0.2/lib/action_view/base.rb:316:in `render_file'
C:/Ruby/lib/ruby/gems/1.8/gems/actionpack-2.0.2/lib/action_controller/base.rb:1100:in `render_for_file'
C:/Ruby/lib/ruby/gems/1.8/gems/actionpack-2.0.2/lib/action_controller/base.rb:836:in `render_with_no_layout'
C:/Ruby/lib/ruby/gems/1.8/gems/actionpack-2.0.2/lib/action_controller/layout.rb:262:in `render_without_benchmark'
C:/Ruby/lib/ruby/gems/1.8/gems/actionpack-2.0.2/lib/action_controller/benchmarking.rb:51:in `render'
C:/Ruby/lib/ruby/1.8/benchmark.rb:293:in `measure'
C:/Ruby/lib/ruby/gems/1.8/gems/actionpack-2.0.2/lib/action_controller/benchmarking.rb:51:in `render'
C:/Ruby/lib/ruby/gems/1.8/gems/actionpack-2.0.2/lib/action_controller/base.rb:1153:in `default_render'
C:/Ruby/lib/ruby/gems/1.8/gems/actionpack-2.0.2/lib/action_controller/base.rb:1159:in `perform_action_without_filters'
C:/Ruby/lib/ruby/gems/1.8/gems/actionpack-2.0.2/lib/action_controller/filters.rb:697:in `call_filters'
C:/Ruby/lib/ruby/gems/1.8/gems/actionpack-2.0.2/lib/action_controller/filters.rb:689:in `perform_action_without_benchmark'
C:/Ruby/lib/ruby/gems/1.8/gems/actionpack-2.0.2/lib/action_controller/benchmarking.rb:68:in `perform_action_without_rescue'
C:/Ruby/lib/ruby/1.8/benchmark.rb:293:in `measure'
C:/Ruby/lib/ruby/gems/1.8/gems/actionpack-2.0.2/lib/action_controller/benchmarking.rb:68:in `perform_action_without_rescue'
C:/Ruby/lib/ruby/gems/1.8/gems/actionpack-2.0.2/lib/action_controller/rescue.rb:199:in `perform_action_without_caching'
C:/Ruby/lib/ruby/gems/1.8/gems/actionpack-2.0.2/lib/action_controller/caching.rb:678:in `perform_action'
C:/Ruby/lib/ruby/gems/1.8/gems/activerecord-2.0.2/lib/active_record/connection_adapters/abstract/query_cache.rb:33:in `cache'
C:/Ruby/lib/ruby/gems/1.8/gems/activerecord-2.0.2/lib/active_record/query_cache.rb:8:in `cache'
C:/Ruby/lib/ruby/gems/1.8/gems/actionpack-2.0.2/lib/action_controller/caching.rb:677:in `perform_action'
C:/Ruby/lib/ruby/gems/1.8/gems/actionpack-2.0.2/lib/action_controller/base.rb:524:in `send'
C:/Ruby/lib/ruby/gems/1.8/gems/actionpack-2.0.2/lib/action_controller/base.rb:524:in `process_without_filters'
C:/Ruby/lib/ruby/gems/1.8/gems/actionpack-2.0.2/lib/action_controller/filters.rb:685:in `process_without_session_management_support'
C:/Ruby/lib/ruby/gems/1.8/gems/actionpack-2.0.2/lib/action_controller/session_management.rb:123:in `process'
C:/Ruby/lib/ruby/gems/1.8/gems/actionpack-2.0.2/lib/action_controller/base.rb:388:in `process'
C:/Ruby/lib/ruby/gems/1.8/gems/actionpack-2.0.2/lib/action_controller/dispatcher.rb:171:in `handle_request'
C:/Ruby/lib/ruby/gems/1.8/gems/actionpack-2.0.2/lib/action_controller/dispatcher.rb:115:in `dispatch'
C:/Ruby/lib/ruby/gems/1.8/gems/actionpack-2.0.2/lib/action_controller/dispatcher.rb:126:in `dispatch_cgi'
C:/Ruby/lib/ruby/gems/1.8/gems/actionpack-2.0.2/lib/action_controller/dispatcher.rb:9:in `dispatch'
C:/Ruby/lib/ruby/gems/1.8/gems/rails-2.0.2/lib/webrick_server.rb:112:in `handle_dispatch'
C:/Ruby/lib/ruby/gems/1.8/gems/rails-2.0.2/lib/webrick_server.rb:78:in `service'
C:/Ruby/lib/ruby/1.8/webrick/httpserver.rb:104:in `service'
C:/Ruby/lib/ruby/1.8/webrick/httpserver.rb:65:in `run'
C:/Ruby/lib/ruby/1.8/webrick/server.rb:173:in `start_thread'
C:/Ruby/lib/ruby/1.8/webrick/server.rb:162:in `start'
C:/Ruby/lib/ruby/1.8/webrick/server.rb:162:in `start_thread'
C:/Ruby/lib/ruby/1.8/webrick/server.rb:95:in `start'
C:/Ruby/lib/ruby/1.8/webrick/server.rb:92:in `each'
C:/Ruby/lib/ruby/1.8/webrick/server.rb:92:in `start'
C:/Ruby/lib/ruby/1.8/webrick/server.rb:23:in `start'
C:/Ruby/lib/ruby/1.8/webrick/server.rb:82:in `start'
C:/Ruby/lib/ruby/gems/1.8/gems/rails-2.0.2/lib/webrick_server.rb:62:in `dispatch'
C:/Ruby/lib/ruby/gems/1.8/gems/rails-2.0.2/lib/commands/servers/webrick.rb:66
C:/Ruby/lib/ruby/site_ruby/1.8/rubygems/custom_require.rb:31:in `gem_original_require'
C:/Ruby/lib/ruby/site_ruby/1.8/rubygems/custom_require.rb:31:in `require'
C:/Ruby/lib/ruby/gems/1.8/gems/activesupport-2.0.2/lib/active_support/dependencies.rb:496:in `require'
C:/Ruby/lib/ruby/gems/1.8/gems/activesupport-2.0.2/lib/active_support/dependencies.rb:342:in `new_constants_in'
C:/Ruby/lib/ruby/gems/1.8/gems/activesupport-2.0.2/lib/active_support/dependencies.rb:496:in `require'
C:/Ruby/lib/ruby/gems/1.8/gems/rails-2.0.2/lib/commands/server.rb:39
C:/Ruby/lib/ruby/site_ruby/1.8/rubygems/custom_require.rb:31:in `gem_original_require'
C:/Ruby/lib/ruby/site_ruby/1.8/rubygems/custom_require.rb:31:in `require'
script/server:3


ActionView::TemplateError (compile error
C:/RBOR/emp/app/views/author/new.html.erb:1: syntax error, unexpected ',', expecting kEND
...bout = '';  form_for(@author), :action => 'create' ; _erbout...
                              ^
C:/RBOR/emp/app/views/author/new.html.erb:7: syntax error, unexpected kEND, expecting $end) on line #1 of author/new.html.erb:
1: <% form_for(@author), :action => 'create' %>
2:  <%= render :partial => 'form' %>
3:  <%= submit_tag 'Create' %>
4: <% end %> 

    app/views/author/new.html.erb:7:in `compile_template'
    C:/Ruby/lib/ruby/gems/1.8/gems/actionpack-2.0.2/lib/action_view/base.rb:630:in `compile_and_render_template'
    C:/Ruby/lib/ruby/gems/1.8/gems/actionpack-2.0.2/lib/action_view/base.rb:365:in `render_template'
    C:/Ruby/lib/ruby/gems/1.8/gems/actionpack-2.0.2/lib/action_view/base.rb:316:in `render_file'
    C:/Ruby/lib/ruby/gems/1.8/gems/actionpack-2.0.2/lib/action_controller/base.rb:1100:in `render_for_file'
    C:/Ruby/lib/ruby/gems/1.8/gems/actionpack-2.0.2/lib/action_controller/base.rb:836:in `render_with_no_layout'
    C:/Ruby/lib/ruby/gems/1.8/gems/actionpack-2.0.2/lib/action_controller/layout.rb:262:in `render_without_benchmark'
    C:/Ruby/lib/ruby/gems/1.8/gems/actionpack-2.0.2/lib/action_controller/benchmarking.rb:51:in `render'
    C:/Ruby/lib/ruby/1.8/benchmark.rb:293:in `measure'
    C:/Ruby/lib/ruby/gems/1.8/gems/actionpack-2.0.2/lib/action_controller/benchmarking.rb:51:in `render'
    C:/Ruby/lib/ruby/gems/1.8/gems/actionpack-2.0.2/lib/action_controller/base.rb:1153:in `default_render'
    C:/Ruby/lib/ruby/gems/1.8/gems/actionpack-2.0.2/lib/action_controller/base.rb:1159:in `perform_action_without_filters'
    C:/Ruby/lib/ruby/gems/1.8/gems/actionpack-2.0.2/lib/action_controller/filters.rb:697:in `call_filters'
    C:/Ruby/lib/ruby/gems/1.8/gems/actionpack-2.0.2/lib/action_controller/filters.rb:689:in `perform_action_without_benchmark'
    C:/Ruby/lib/ruby/gems/1.8/gems/actionpack-2.0.2/lib/action_controller/benchmarking.rb:68:in `perform_action_without_rescue'
    C:/Ruby/lib/ruby/1.8/benchmark.rb:293:in `measure'
    C:/Ruby/lib/ruby/gems/1.8/gems/actionpack-2.0.2/lib/action_controller/benchmarking.rb:68:in `perform_action_without_rescue'
    C:/Ruby/lib/ruby/gems/1.8/gems/actionpack-2.0.2/lib/action_controller/rescue.rb:199:in `perform_action_without_caching'
    C:/Ruby/lib/ruby/gems/1.8/gems/actionpack-2.0.2/lib/action_controller/caching.rb:678:in `perform_action'
    C:/Ruby/lib/ruby/gems/1.8/gems/activerecord-2.0.2/lib/active_record/connection_adapters/abstract/query_cache.rb:33:in `cache'
    C:/Ruby/lib/ruby/gems/1.8/gems/activerecord-2.0.2/lib/active_record/query_cache.rb:8:in `cache'
    C:/Ruby/lib/ruby/gems/1.8/gems/actionpack-2.0.2/lib/action_controller/caching.rb:677:in `perform_action'
    C:/Ruby/lib/ruby/gems/1.8/gems/actionpack-2.0.2/lib/action_controller/base.rb:524:in `send'
    C:/Ruby/lib/ruby/gems/1.8/gems/actionpack-2.0.2/lib/action_controller/base.rb:524:in `process_without_filters'
    C:/Ruby/lib/ruby/gems/1.8/gems/actionpack-2.0.2/lib/action_controller/filters.rb:685:in `process_without_session_management_support'
    C:/Ruby/lib/ruby/gems/1.8/gems/actionpack-2.0.2/lib/action_controller/session_management.rb:123:in `process'
    C:/Ruby/lib/ruby/gems/1.8/gems/actionpack-2.0.2/lib/action_controller/base.rb:388:in `process'
    C:/Ruby/lib/ruby/gems/1.8/gems/actionpack-2.0.2/lib/action_controller/dispatcher.rb:171:in `handle_request'
    C:/Ruby/lib/ruby/gems/1.8/gems/actionpack-2.0.2/lib/action_controller/dispatcher.rb:115:in `dispatch'
    C:/Ruby/lib/ruby/gems/1.8/gems/actionpack-2.0.2/lib/action_controller/dispatcher.rb:126:in `dispatch_cgi'
    C:/Ruby/lib/ruby/gems/1.8/gems/actionpack-2.0.2/lib/action_controller/dispatcher.rb:9:in `dispatch'
    C:/Ruby/lib/ruby/gems/1.8/gems/rails-2.0.2/lib/webrick_server.rb:112:in `handle_dispatch'
    C:/Ruby/lib/ruby/gems/1.8/gems/rails-2.0.2/lib/webrick_server.rb:78:in `service'
    C:/Ruby/lib/ruby/1.8/webrick/httpserver.rb:104:in `service'
    C:/Ruby/lib/ruby/1.8/webrick/httpserver.rb:65:in `run'
    C:/Ruby/lib/ruby/1.8/webrick/server.rb:173:in `start_thread'
    C:/Ruby/lib/ruby/1.8/webrick/server.rb:162:in `start'
    C:/Ruby/lib/ruby/1.8/webrick/server.rb:162:in `start_thread'
    C:/Ruby/lib/ruby/1.8/webrick/server.rb:95:in `start'
    C:/Ruby/lib/ruby/1.8/webrick/server.rb:92:in `each'
    C:/Ruby/lib/ruby/1.8/webrick/server.rb:92:in `start'
    C:/Ruby/lib/ruby/1.8/webrick/server.rb:23:in `start'
    C:/Ruby/lib/ruby/1.8/webrick/server.rb:82:in `start'
    C:/Ruby/lib/ruby/gems/1.8/gems/rails-2.0.2/lib/webrick_server.rb:62:in `dispatch'
    C:/Ruby/lib/ruby/gems/1.8/gems/rails-2.0.2/lib/commands/servers/webrick.rb:66
    C:/Ruby/lib/ruby/site_ruby/1.8/rubygems/custom_require.rb:31:in `gem_original_require'
    C:/Ruby/lib/ruby/site_ruby/1.8/rubygems/custom_require.rb:31:in `require'
    C:/Ruby/lib/ruby/gems/1.8/gems/activesupport-2.0.2/lib/active_support/dependencies.rb:496:in `require'
    C:/Ruby/lib/ruby/gems/1.8/gems/activesupport-2.0.2/lib/active_support/dependencies.rb:342:in `new_constants_in'
    C:/Ruby/lib/ruby/gems/1.8/gems/activesupport-2.0.2/lib/active_support/dependencies.rb:496:in `require'
    C:/Ruby/lib/ruby/gems/1.8/gems/rails-2.0.2/lib/commands/server.rb:39
    C:/Ruby/lib/ruby/site_ruby/1.8/rubygems/custom_require.rb:31:in `gem_original_require'
    C:/Ruby/lib/ruby/site_ruby/1.8/rubygems/custom_require.rb:31:in `require'
    script/server:3

Rendering C:/Ruby/lib/ruby/gems/1.8/gems/actionpack-2.0.2/lib/action_controller/templates/rescues/layout.erb (internal_server_error)


Processing AuthorController#new (for 127.0.0.1 at 2010-03-22 18:54:57) [GET]
  Session ID: BAh7BiIKZmxhc2hJQzonQWN0aW9uQ29udHJvbGxlcjo6Rmxhc2g6OkZsYXNo%0ASGFzaHsABjoKQHVzZWR7AA%3D%3D--57525d374517c7a49a1385ac129234929ff6e8b9
  Parameters: {"action"=>"new", "controller"=>"author"}
Rendering template within layouts/application
Rendering author/new
ERROR: compiling _run_erb_47app47views47author47new46html46erb RAISED compile error
C:/RBOR/emp/app/views/author/new.html.erb:7: syntax error, unexpected kEND, expecting $end
Function body: def _run_erb_47app47views47author47new46html46erb(local_assigns)
_erbout = '';  form_for(@author) ; _erbout.concat "\n"
_erbout.concat " "; _erbout.concat(( render :partial => 'form' ).to_s); _erbout.concat "\n"
_erbout.concat " "; _erbout.concat(( submit_tag 'Create' ).to_s); _erbout.concat "\n"
 end ; _erbout.concat " \n"
_erbout.concat "\n"
_erbout.concat(( link_to 'Back', :action => 'index' ).to_s); _erbout
end
Backtrace: C:/RBOR/emp/app/views/author/new.html.erb:7:in `compile_template'
C:/Ruby/lib/ruby/gems/1.8/gems/actionpack-2.0.2/lib/action_view/base.rb:630:in `compile_and_render_template'
C:/Ruby/lib/ruby/gems/1.8/gems/actionpack-2.0.2/lib/action_view/base.rb:365:in `render_template'
C:/Ruby/lib/ruby/gems/1.8/gems/actionpack-2.0.2/lib/action_view/base.rb:316:in `render_file'
C:/Ruby/lib/ruby/gems/1.8/gems/actionpack-2.0.2/lib/action_controller/base.rb:1100:in `render_for_file'
C:/Ruby/lib/ruby/gems/1.8/gems/actionpack-2.0.2/lib/action_controller/base.rb:836:in `render_with_no_layout'
C:/Ruby/lib/ruby/gems/1.8/gems/actionpack-2.0.2/lib/action_controller/layout.rb:262:in `render_without_benchmark'
C:/Ruby/lib/ruby/gems/1.8/gems/actionpack-2.0.2/lib/action_controller/benchmarking.rb:51:in `render'
C:/Ruby/lib/ruby/1.8/benchmark.rb:293:in `measure'
C:/Ruby/lib/ruby/gems/1.8/gems/actionpack-2.0.2/lib/action_controller/benchmarking.rb:51:in `render'
C:/Ruby/lib/ruby/gems/1.8/gems/actionpack-2.0.2/lib/action_controller/base.rb:1153:in `default_render'
C:/Ruby/lib/ruby/gems/1.8/gems/actionpack-2.0.2/lib/action_controller/base.rb:1159:in `perform_action_without_filters'
C:/Ruby/lib/ruby/gems/1.8/gems/actionpack-2.0.2/lib/action_controller/filters.rb:697:in `call_filters'
C:/Ruby/lib/ruby/gems/1.8/gems/actionpack-2.0.2/lib/action_controller/filters.rb:689:in `perform_action_without_benchmark'
C:/Ruby/lib/ruby/gems/1.8/gems/actionpack-2.0.2/lib/action_controller/benchmarking.rb:68:in `perform_action_without_rescue'
C:/Ruby/lib/ruby/1.8/benchmark.rb:293:in `measure'
C:/Ruby/lib/ruby/gems/1.8/gems/actionpack-2.0.2/lib/action_controller/benchmarking.rb:68:in `perform_action_without_rescue'
C:/Ruby/lib/ruby/gems/1.8/gems/actionpack-2.0.2/lib/action_controller/rescue.rb:199:in `perform_action_without_caching'
C:/Ruby/lib/ruby/gems/1.8/gems/actionpack-2.0.2/lib/action_controller/caching.rb:678:in `perform_action'
C:/Ruby/lib/ruby/gems/1.8/gems/activerecord-2.0.2/lib/active_record/connection_adapters/abstract/query_cache.rb:33:in `cache'
C:/Ruby/lib/ruby/gems/1.8/gems/activerecord-2.0.2/lib/active_record/query_cache.rb:8:in `cache'
C:/Ruby/lib/ruby/gems/1.8/gems/actionpack-2.0.2/lib/action_controller/caching.rb:677:in `perform_action'
C:/Ruby/lib/ruby/gems/1.8/gems/actionpack-2.0.2/lib/action_controller/base.rb:524:in `send'
C:/Ruby/lib/ruby/gems/1.8/gems/actionpack-2.0.2/lib/action_controller/base.rb:524:in `process_without_filters'
C:/Ruby/lib/ruby/gems/1.8/gems/actionpack-2.0.2/lib/action_controller/filters.rb:685:in `process_without_session_management_support'
C:/Ruby/lib/ruby/gems/1.8/gems/actionpack-2.0.2/lib/action_controller/session_management.rb:123:in `process'
C:/Ruby/lib/ruby/gems/1.8/gems/actionpack-2.0.2/lib/action_controller/base.rb:388:in `process'
C:/Ruby/lib/ruby/gems/1.8/gems/actionpack-2.0.2/lib/action_controller/dispatcher.rb:171:in `handle_request'
C:/Ruby/lib/ruby/gems/1.8/gems/actionpack-2.0.2/lib/action_controller/dispatcher.rb:115:in `dispatch'
C:/Ruby/lib/ruby/gems/1.8/gems/actionpack-2.0.2/lib/action_controller/dispatcher.rb:126:in `dispatch_cgi'
C:/Ruby/lib/ruby/gems/1.8/gems/actionpack-2.0.2/lib/action_controller/dispatcher.rb:9:in `dispatch'
C:/Ruby/lib/ruby/gems/1.8/gems/rails-2.0.2/lib/webrick_server.rb:112:in `handle_dispatch'
C:/Ruby/lib/ruby/gems/1.8/gems/rails-2.0.2/lib/webrick_server.rb:78:in `service'
C:/Ruby/lib/ruby/1.8/webrick/httpserver.rb:104:in `service'
C:/Ruby/lib/ruby/1.8/webrick/httpserver.rb:65:in `run'
C:/Ruby/lib/ruby/1.8/webrick/server.rb:173:in `start_thread'
C:/Ruby/lib/ruby/1.8/webrick/server.rb:162:in `start'
C:/Ruby/lib/ruby/1.8/webrick/server.rb:162:in `start_thread'
C:/Ruby/lib/ruby/1.8/webrick/server.rb:95:in `start'
C:/Ruby/lib/ruby/1.8/webrick/server.rb:92:in `each'
C:/Ruby/lib/ruby/1.8/webrick/server.rb:92:in `start'
C:/Ruby/lib/ruby/1.8/webrick/server.rb:23:in `start'
C:/Ruby/lib/ruby/1.8/webrick/server.rb:82:in `start'
C:/Ruby/lib/ruby/gems/1.8/gems/rails-2.0.2/lib/webrick_server.rb:62:in `dispatch'
C:/Ruby/lib/ruby/gems/1.8/gems/rails-2.0.2/lib/commands/servers/webrick.rb:66
C:/Ruby/lib/ruby/site_ruby/1.8/rubygems/custom_require.rb:31:in `gem_original_require'
C:/Ruby/lib/ruby/site_ruby/1.8/rubygems/custom_require.rb:31:in `require'
C:/Ruby/lib/ruby/gems/1.8/gems/activesupport-2.0.2/lib/active_support/dependencies.rb:496:in `require'
C:/Ruby/lib/ruby/gems/1.8/gems/activesupport-2.0.2/lib/active_support/dependencies.rb:342:in `new_constants_in'
C:/Ruby/lib/ruby/gems/1.8/gems/activesupport-2.0.2/lib/active_support/dependencies.rb:496:in `require'
C:/Ruby/lib/ruby/gems/1.8/gems/rails-2.0.2/lib/commands/server.rb:39
C:/Ruby/lib/ruby/site_ruby/1.8/rubygems/custom_require.rb:31:in `gem_original_require'
C:/Ruby/lib/ruby/site_ruby/1.8/rubygems/custom_require.rb:31:in `require'
script/server:3


ActionView::TemplateError (compile error
C:/RBOR/emp/app/views/author/new.html.erb:7: syntax error, unexpected kEND, expecting $end) on line #7 of author/new.html.erb:
4: <% end %> 
5: 
6: <%= link_to 'Back', :action => 'index' %>
    app/views/author/new.html.erb:7:in `compile_template'
    C:/Ruby/lib/ruby/gems/1.8/gems/actionpack-2.0.2/lib/action_view/base.rb:630:in `compile_and_render_template'
    C:/Ruby/lib/ruby/gems/1.8/gems/actionpack-2.0.2/lib/action_view/base.rb:365:in `render_template'
    C:/Ruby/lib/ruby/gems/1.8/gems/actionpack-2.0.2/lib/action_view/base.rb:316:in `render_file'
    C:/Ruby/lib/ruby/gems/1.8/gems/actionpack-2.0.2/lib/action_controller/base.rb:1100:in `render_for_file'
    C:/Ruby/lib/ruby/gems/1.8/gems/actionpack-2.0.2/lib/action_controller/base.rb:836:in `render_with_no_layout'
    C:/Ruby/lib/ruby/gems/1.8/gems/actionpack-2.0.2/lib/action_controller/layout.rb:262:in `render_without_benchmark'
    C:/Ruby/lib/ruby/gems/1.8/gems/actionpack-2.0.2/lib/action_controller/benchmarking.rb:51:in `render'
    C:/Ruby/lib/ruby/1.8/benchmark.rb:293:in `measure'
    C:/Ruby/lib/ruby/gems/1.8/gems/actionpack-2.0.2/lib/action_controller/benchmarking.rb:51:in `render'
    C:/Ruby/lib/ruby/gems/1.8/gems/actionpack-2.0.2/lib/action_controller/base.rb:1153:in `default_render'
    C:/Ruby/lib/ruby/gems/1.8/gems/actionpack-2.0.2/lib/action_controller/base.rb:1159:in `perform_action_without_filters'
    C:/Ruby/lib/ruby/gems/1.8/gems/actionpack-2.0.2/lib/action_controller/filters.rb:697:in `call_filters'
    C:/Ruby/lib/ruby/gems/1.8/gems/actionpack-2.0.2/lib/action_controller/filters.rb:689:in `perform_action_without_benchmark'
    C:/Ruby/lib/ruby/gems/1.8/gems/actionpack-2.0.2/lib/action_controller/benchmarking.rb:68:in `perform_action_without_rescue'
    C:/Ruby/lib/ruby/1.8/benchmark.rb:293:in `measure'
    C:/Ruby/lib/ruby/gems/1.8/gems/actionpack-2.0.2/lib/action_controller/benchmarking.rb:68:in `perform_action_without_rescue'
    C:/Ruby/lib/ruby/gems/1.8/gems/actionpack-2.0.2/lib/action_controller/rescue.rb:199:in `perform_action_without_caching'
    C:/Ruby/lib/ruby/gems/1.8/gems/actionpack-2.0.2/lib/action_controller/caching.rb:678:in `perform_action'
    C:/Ruby/lib/ruby/gems/1.8/gems/activerecord-2.0.2/lib/active_record/connection_adapters/abstract/query_cache.rb:33:in `cache'
    C:/Ruby/lib/ruby/gems/1.8/gems/activerecord-2.0.2/lib/active_record/query_cache.rb:8:in `cache'
    C:/Ruby/lib/ruby/gems/1.8/gems/actionpack-2.0.2/lib/action_controller/caching.rb:677:in `perform_action'
    C:/Ruby/lib/ruby/gems/1.8/gems/actionpack-2.0.2/lib/action_controller/base.rb:524:in `send'
    C:/Ruby/lib/ruby/gems/1.8/gems/actionpack-2.0.2/lib/action_controller/base.rb:524:in `process_without_filters'
    C:/Ruby/lib/ruby/gems/1.8/gems/actionpack-2.0.2/lib/action_controller/filters.rb:685:in `process_without_session_management_support'
    C:/Ruby/lib/ruby/gems/1.8/gems/actionpack-2.0.2/lib/action_controller/session_management.rb:123:in `process'
    C:/Ruby/lib/ruby/gems/1.8/gems/actionpack-2.0.2/lib/action_controller/base.rb:388:in `process'
    C:/Ruby/lib/ruby/gems/1.8/gems/actionpack-2.0.2/lib/action_controller/dispatcher.rb:171:in `handle_request'
    C:/Ruby/lib/ruby/gems/1.8/gems/actionpack-2.0.2/lib/action_controller/dispatcher.rb:115:in `dispatch'
    C:/Ruby/lib/ruby/gems/1.8/gems/actionpack-2.0.2/lib/action_controller/dispatcher.rb:126:in `dispatch_cgi'
    C:/Ruby/lib/ruby/gems/1.8/gems/actionpack-2.0.2/lib/action_controller/dispatcher.rb:9:in `dispatch'
    C:/Ruby/lib/ruby/gems/1.8/gems/rails-2.0.2/lib/webrick_server.rb:112:in `handle_dispatch'
    C:/Ruby/lib/ruby/gems/1.8/gems/rails-2.0.2/lib/webrick_server.rb:78:in `service'
    C:/Ruby/lib/ruby/1.8/webrick/httpserver.rb:104:in `service'
    C:/Ruby/lib/ruby/1.8/webrick/httpserver.rb:65:in `run'
    C:/Ruby/lib/ruby/1.8/webrick/server.rb:173:in `start_thread'
    C:/Ruby/lib/ruby/1.8/webrick/server.rb:162:in `start'
    C:/Ruby/lib/ruby/1.8/webrick/server.rb:162:in `start_thread'
    C:/Ruby/lib/ruby/1.8/webrick/server.rb:95:in `start'
    C:/Ruby/lib/ruby/1.8/webrick/server.rb:92:in `each'
    C:/Ruby/lib/ruby/1.8/webrick/server.rb:92:in `start'
    C:/Ruby/lib/ruby/1.8/webrick/server.rb:23:in `start'
    C:/Ruby/lib/ruby/1.8/webrick/server.rb:82:in `start'
    C:/Ruby/lib/ruby/gems/1.8/gems/rails-2.0.2/lib/webrick_server.rb:62:in `dispatch'
    C:/Ruby/lib/ruby/gems/1.8/gems/rails-2.0.2/lib/commands/servers/webrick.rb:66
    C:/Ruby/lib/ruby/site_ruby/1.8/rubygems/custom_require.rb:31:in `gem_original_require'
    C:/Ruby/lib/ruby/site_ruby/1.8/rubygems/custom_require.rb:31:in `require'
    C:/Ruby/lib/ruby/gems/1.8/gems/activesupport-2.0.2/lib/active_support/dependencies.rb:496:in `require'
    C:/Ruby/lib/ruby/gems/1.8/gems/activesupport-2.0.2/lib/active_support/dependencies.rb:342:in `new_constants_in'
    C:/Ruby/lib/ruby/gems/1.8/gems/activesupport-2.0.2/lib/active_support/dependencies.rb:496:in `require'
    C:/Ruby/lib/ruby/gems/1.8/gems/rails-2.0.2/lib/commands/server.rb:39
    C:/Ruby/lib/ruby/site_ruby/1.8/rubygems/custom_require.rb:31:in `gem_original_require'
    C:/Ruby/lib/ruby/site_ruby/1.8/rubygems/custom_require.rb:31:in `require'
    script/server:3

Rendering C:/Ruby/lib/ruby/gems/1.8/gems/actionpack-2.0.2/lib/action_controller/templates/rescues/layout.erb (internal_server_error)


Processing AuthorController#new (for 127.0.0.1 at 2010-03-22 18:56:18) [GET]
  Session ID: BAh7BiIKZmxhc2hJQzonQWN0aW9uQ29udHJvbGxlcjo6Rmxhc2g6OkZsYXNo%0ASGFzaHsABjoKQHVzZWR7AA%3D%3D--57525d374517c7a49a1385ac129234929ff6e8b9
  Parameters: {"action"=>"new", "controller"=>"author"}
Rendering template within layouts/application
Rendering author/new
Rendered author/_form (0.00000)
Completed in 0.06300 (15 reqs/sec) | Rendering: 0.03200 (50%) | DB: 0.00000 (0%) | 200 OK [http://localhost/author/new]


Processing AuthorController#new (for 127.0.0.1 at 2010-03-22 18:58:06) [GET]
  Session ID: BAh7BzoMY3NyZl9pZCIlYThkNTNjYWUyNzc5Mjk0YzMwZDMwOGUzMjA3MjYx%0AYjIiCmZsYXNoSUM6J0FjdGlvbkNvbnRyb2xsZXI6OkZsYXNoOjpGbGFzaEhh%0Ac2h7AAY6CkB1c2VkewA%3D--e5e687c62c29fc1d470d88a3f575dc48df1159cd
  Parameters: {"action"=>"new", "controller"=>"author"}
Rendering template within layouts/application
Rendering author/new
Rendered author/_form (0.00000)


ActionView::TemplateError (You have a nil object when you didn't expect it!
The error occurred while evaluating nil.submit) on line #3 of author/new.html.erb:
1: <% form_tag ({:action => 'create' })do |f|%>
2:  <%= render :partial => 'form' %>
3:  <%= f.submit 'Create' %>
4: <% end %> 
5: 
6: <%= link_to 'Back', :action => 'index' %>
    app/views/author/new.html.erb:3:in `_run_erb_47app47views47author47new46html46erb'
    C:/Ruby/lib/ruby/gems/1.8/gems/actionpack-2.0.2/lib/action_view/helpers/capture_helper.rb:142:in `call'
    C:/Ruby/lib/ruby/gems/1.8/gems/actionpack-2.0.2/lib/action_view/helpers/capture_helper.rb:142:in `capture_erb_with_buffer'
    C:/Ruby/lib/ruby/gems/1.8/gems/actionpack-2.0.2/lib/action_view/helpers/capture_helper.rb:44:in `capture'
    C:/Ruby/lib/ruby/gems/1.8/gems/actionpack-2.0.2/lib/action_view/helpers/form_tag_helper.rb:417:in `form_tag_in_block'
    C:/Ruby/lib/ruby/gems/1.8/gems/actionpack-2.0.2/lib/action_view/helpers/form_tag_helper.rb:39:in `form_tag'
    app/views/author/new.html.erb:1:in `_run_erb_47app47views47author47new46html46erb'
    C:/Ruby/lib/ruby/gems/1.8/gems/actionpack-2.0.2/lib/action_view/base.rb:637:in `send'
    C:/Ruby/lib/ruby/gems/1.8/gems/actionpack-2.0.2/lib/action_view/base.rb:637:in `compile_and_render_template'
    C:/Ruby/lib/ruby/gems/1.8/gems/actionpack-2.0.2/lib/action_view/base.rb:365:in `render_template'
    C:/Ruby/lib/ruby/gems/1.8/gems/actionpack-2.0.2/lib/action_view/base.rb:316:in `render_file'
    C:/Ruby/lib/ruby/gems/1.8/gems/actionpack-2.0.2/lib/action_controller/base.rb:1100:in `render_for_file'
    C:/Ruby/lib/ruby/gems/1.8/gems/actionpack-2.0.2/lib/action_controller/base.rb:836:in `render_with_no_layout'
    C:/Ruby/lib/ruby/gems/1.8/gems/actionpack-2.0.2/lib/action_controller/layout.rb:262:in `render_without_benchmark'
    C:/Ruby/lib/ruby/gems/1.8/gems/actionpack-2.0.2/lib/action_controller/benchmarking.rb:51:in `render'
    C:/Ruby/lib/ruby/1.8/benchmark.rb:293:in `measure'
    C:/Ruby/lib/ruby/gems/1.8/gems/actionpack-2.0.2/lib/action_controller/benchmarking.rb:51:in `render'
    C:/Ruby/lib/ruby/gems/1.8/gems/actionpack-2.0.2/lib/action_controller/base.rb:1153:in `default_render'
    C:/Ruby/lib/ruby/gems/1.8/gems/actionpack-2.0.2/lib/action_controller/base.rb:1159:in `perform_action_without_filters'
    C:/Ruby/lib/ruby/gems/1.8/gems/actionpack-2.0.2/lib/action_controller/filters.rb:697:in `call_filters'
    C:/Ruby/lib/ruby/gems/1.8/gems/actionpack-2.0.2/lib/action_controller/filters.rb:689:in `perform_action_without_benchmark'
    C:/Ruby/lib/ruby/gems/1.8/gems/actionpack-2.0.2/lib/action_controller/benchmarking.rb:68:in `perform_action_without_rescue'
    C:/Ruby/lib/ruby/1.8/benchmark.rb:293:in `measure'
    C:/Ruby/lib/ruby/gems/1.8/gems/actionpack-2.0.2/lib/action_controller/benchmarking.rb:68:in `perform_action_without_rescue'
    C:/Ruby/lib/ruby/gems/1.8/gems/actionpack-2.0.2/lib/action_controller/rescue.rb:199:in `perform_action_without_caching'
    C:/Ruby/lib/ruby/gems/1.8/gems/actionpack-2.0.2/lib/action_controller/caching.rb:678:in `perform_action'
    C:/Ruby/lib/ruby/gems/1.8/gems/activerecord-2.0.2/lib/active_record/connection_adapters/abstract/query_cache.rb:33:in `cache'
    C:/Ruby/lib/ruby/gems/1.8/gems/activerecord-2.0.2/lib/active_record/query_cache.rb:8:in `cache'
    C:/Ruby/lib/ruby/gems/1.8/gems/actionpack-2.0.2/lib/action_controller/caching.rb:677:in `perform_action'
    C:/Ruby/lib/ruby/gems/1.8/gems/actionpack-2.0.2/lib/action_controller/base.rb:524:in `send'
    C:/Ruby/lib/ruby/gems/1.8/gems/actionpack-2.0.2/lib/action_controller/base.rb:524:in `process_without_filters'
    C:/Ruby/lib/ruby/gems/1.8/gems/actionpack-2.0.2/lib/action_controller/filters.rb:685:in `process_without_session_management_support'
    C:/Ruby/lib/ruby/gems/1.8/gems/actionpack-2.0.2/lib/action_controller/session_management.rb:123:in `process'
    C:/Ruby/lib/ruby/gems/1.8/gems/actionpack-2.0.2/lib/action_controller/base.rb:388:in `process'
    C:/Ruby/lib/ruby/gems/1.8/gems/actionpack-2.0.2/lib/action_controller/dispatcher.rb:171:in `handle_request'
    C:/Ruby/lib/ruby/gems/1.8/gems/actionpack-2.0.2/lib/action_controller/dispatcher.rb:115:in `dispatch'
    C:/Ruby/lib/ruby/gems/1.8/gems/actionpack-2.0.2/lib/action_controller/dispatcher.rb:126:in `dispatch_cgi'
    C:/Ruby/lib/ruby/gems/1.8/gems/actionpack-2.0.2/lib/action_controller/dispatcher.rb:9:in `dispatch'
    C:/Ruby/lib/ruby/gems/1.8/gems/rails-2.0.2/lib/webrick_server.rb:112:in `handle_dispatch'
    C:/Ruby/lib/ruby/gems/1.8/gems/rails-2.0.2/lib/webrick_server.rb:78:in `service'
    C:/Ruby/lib/ruby/1.8/webrick/httpserver.rb:104:in `service'
    C:/Ruby/lib/ruby/1.8/webrick/httpserver.rb:65:in `run'
    C:/Ruby/lib/ruby/1.8/webrick/server.rb:173:in `start_thread'
    C:/Ruby/lib/ruby/1.8/webrick/server.rb:162:in `start'
    C:/Ruby/lib/ruby/1.8/webrick/server.rb:162:in `start_thread'
    C:/Ruby/lib/ruby/1.8/webrick/server.rb:95:in `start'
    C:/Ruby/lib/ruby/1.8/webrick/server.rb:92:in `each'
    C:/Ruby/lib/ruby/1.8/webrick/server.rb:92:in `start'
    C:/Ruby/lib/ruby/1.8/webrick/server.rb:23:in `start'
    C:/Ruby/lib/ruby/1.8/webrick/server.rb:82:in `start'
    C:/Ruby/lib/ruby/gems/1.8/gems/rails-2.0.2/lib/webrick_server.rb:62:in `dispatch'
    C:/Ruby/lib/ruby/gems/1.8/gems/rails-2.0.2/lib/commands/servers/webrick.rb:66
    C:/Ruby/lib/ruby/site_ruby/1.8/rubygems/custom_require.rb:31:in `gem_original_require'
    C:/Ruby/lib/ruby/site_ruby/1.8/rubygems/custom_require.rb:31:in `require'
    C:/Ruby/lib/ruby/gems/1.8/gems/activesupport-2.0.2/lib/active_support/dependencies.rb:496:in `require'
    C:/Ruby/lib/ruby/gems/1.8/gems/activesupport-2.0.2/lib/active_support/dependencies.rb:342:in `new_constants_in'
    C:/Ruby/lib/ruby/gems/1.8/gems/activesupport-2.0.2/lib/active_support/dependencies.rb:496:in `require'
    C:/Ruby/lib/ruby/gems/1.8/gems/rails-2.0.2/lib/commands/server.rb:39
    C:/Ruby/lib/ruby/site_ruby/1.8/rubygems/custom_require.rb:31:in `gem_original_require'
    C:/Ruby/lib/ruby/site_ruby/1.8/rubygems/custom_require.rb:31:in `require'
    script/server:3

Rendering C:/Ruby/lib/ruby/gems/1.8/gems/actionpack-2.0.2/lib/action_controller/templates/rescues/layout.erb (internal_server_error)


Processing AuthorController#new (for 127.0.0.1 at 2010-03-22 18:58:25) [GET]
  Session ID: BAh7ByIKZmxhc2hJQzonQWN0aW9uQ29udHJvbGxlcjo6Rmxhc2g6OkZsYXNo%0ASGFzaHsABjoKQHVzZWR7ADoMY3NyZl9pZCIlYThkNTNjYWUyNzc5Mjk0YzMw%0AZDMwOGUzMjA3MjYxYjI%3D--3d25b65fe0072ce268ce0d450f16802025067d0c
  Parameters: {"action"=>"new", "controller"=>"author"}
Rendering template within layouts/application
Rendering author/new
Rendered author/_form (0.00000)


ActionView::TemplateError (undefined method `submit' for #<ActionView::Base:0x655e190>) on line #3 of author/new.html.erb:
1: <% form_tag ({:action => 'create' })do |f|%>
2:  <%= render :partial => 'form' %>
3:  <%= submit 'Create' %>
4: <% end %> 
5: 
6: <%= link_to 'Back', :action => 'index' %>
    app/views/author/new.html.erb:3:in `_run_erb_47app47views47author47new46html46erb'
    C:/Ruby/lib/ruby/gems/1.8/gems/actionpack-2.0.2/lib/action_view/helpers/capture_helper.rb:142:in `call'
    C:/Ruby/lib/ruby/gems/1.8/gems/actionpack-2.0.2/lib/action_view/helpers/capture_helper.rb:142:in `capture_erb_with_buffer'
    C:/Ruby/lib/ruby/gems/1.8/gems/actionpack-2.0.2/lib/action_view/helpers/capture_helper.rb:44:in `capture'
    C:/Ruby/lib/ruby/gems/1.8/gems/actionpack-2.0.2/lib/action_view/helpers/form_tag_helper.rb:417:in `form_tag_in_block'
    C:/Ruby/lib/ruby/gems/1.8/gems/actionpack-2.0.2/lib/action_view/helpers/form_tag_helper.rb:39:in `form_tag'
    app/views/author/new.html.erb:1:in `_run_erb_47app47views47author47new46html46erb'
    C:/Ruby/lib/ruby/gems/1.8/gems/actionpack-2.0.2/lib/action_view/base.rb:637:in `send'
    C:/Ruby/lib/ruby/gems/1.8/gems/actionpack-2.0.2/lib/action_view/base.rb:637:in `compile_and_render_template'
    C:/Ruby/lib/ruby/gems/1.8/gems/actionpack-2.0.2/lib/action_view/base.rb:365:in `render_template'
    C:/Ruby/lib/ruby/gems/1.8/gems/actionpack-2.0.2/lib/action_view/base.rb:316:in `render_file'
    C:/Ruby/lib/ruby/gems/1.8/gems/actionpack-2.0.2/lib/action_controller/base.rb:1100:in `render_for_file'
    C:/Ruby/lib/ruby/gems/1.8/gems/actionpack-2.0.2/lib/action_controller/base.rb:836:in `render_with_no_layout'
    C:/Ruby/lib/ruby/gems/1.8/gems/actionpack-2.0.2/lib/action_controller/layout.rb:262:in `render_without_benchmark'
    C:/Ruby/lib/ruby/gems/1.8/gems/actionpack-2.0.2/lib/action_controller/benchmarking.rb:51:in `render'
    C:/Ruby/lib/ruby/1.8/benchmark.rb:293:in `measure'
    C:/Ruby/lib/ruby/gems/1.8/gems/actionpack-2.0.2/lib/action_controller/benchmarking.rb:51:in `render'
    C:/Ruby/lib/ruby/gems/1.8/gems/actionpack-2.0.2/lib/action_controller/base.rb:1153:in `default_render'
    C:/Ruby/lib/ruby/gems/1.8/gems/actionpack-2.0.2/lib/action_controller/base.rb:1159:in `perform_action_without_filters'
    C:/Ruby/lib/ruby/gems/1.8/gems/actionpack-2.0.2/lib/action_controller/filters.rb:697:in `call_filters'
    C:/Ruby/lib/ruby/gems/1.8/gems/actionpack-2.0.2/lib/action_controller/filters.rb:689:in `perform_action_without_benchmark'
    C:/Ruby/lib/ruby/gems/1.8/gems/actionpack-2.0.2/lib/action_controller/benchmarking.rb:68:in `perform_action_without_rescue'
    C:/Ruby/lib/ruby/1.8/benchmark.rb:293:in `measure'
    C:/Ruby/lib/ruby/gems/1.8/gems/actionpack-2.0.2/lib/action_controller/benchmarking.rb:68:in `perform_action_without_rescue'
    C:/Ruby/lib/ruby/gems/1.8/gems/actionpack-2.0.2/lib/action_controller/rescue.rb:199:in `perform_action_without_caching'
    C:/Ruby/lib/ruby/gems/1.8/gems/actionpack-2.0.2/lib/action_controller/caching.rb:678:in `perform_action'
    C:/Ruby/lib/ruby/gems/1.8/gems/activerecord-2.0.2/lib/active_record/connection_adapters/abstract/query_cache.rb:33:in `cache'
    C:/Ruby/lib/ruby/gems/1.8/gems/activerecord-2.0.2/lib/active_record/query_cache.rb:8:in `cache'
    C:/Ruby/lib/ruby/gems/1.8/gems/actionpack-2.0.2/lib/action_controller/caching.rb:677:in `perform_action'
    C:/Ruby/lib/ruby/gems/1.8/gems/actionpack-2.0.2/lib/action_controller/base.rb:524:in `send'
    C:/Ruby/lib/ruby/gems/1.8/gems/actionpack-2.0.2/lib/action_controller/base.rb:524:in `process_without_filters'
    C:/Ruby/lib/ruby/gems/1.8/gems/actionpack-2.0.2/lib/action_controller/filters.rb:685:in `process_without_session_management_support'
    C:/Ruby/lib/ruby/gems/1.8/gems/actionpack-2.0.2/lib/action_controller/session_management.rb:123:in `process'
    C:/Ruby/lib/ruby/gems/1.8/gems/actionpack-2.0.2/lib/action_controller/base.rb:388:in `process'
    C:/Ruby/lib/ruby/gems/1.8/gems/actionpack-2.0.2/lib/action_controller/dispatcher.rb:171:in `handle_request'
    C:/Ruby/lib/ruby/gems/1.8/gems/actionpack-2.0.2/lib/action_controller/dispatcher.rb:115:in `dispatch'
    C:/Ruby/lib/ruby/gems/1.8/gems/actionpack-2.0.2/lib/action_controller/dispatcher.rb:126:in `dispatch_cgi'
    C:/Ruby/lib/ruby/gems/1.8/gems/actionpack-2.0.2/lib/action_controller/dispatcher.rb:9:in `dispatch'
    C:/Ruby/lib/ruby/gems/1.8/gems/rails-2.0.2/lib/webrick_server.rb:112:in `handle_dispatch'
    C:/Ruby/lib/ruby/gems/1.8/gems/rails-2.0.2/lib/webrick_server.rb:78:in `service'
    C:/Ruby/lib/ruby/1.8/webrick/httpserver.rb:104:in `service'
    C:/Ruby/lib/ruby/1.8/webrick/httpserver.rb:65:in `run'
    C:/Ruby/lib/ruby/1.8/webrick/server.rb:173:in `start_thread'
    C:/Ruby/lib/ruby/1.8/webrick/server.rb:162:in `start'
    C:/Ruby/lib/ruby/1.8/webrick/server.rb:162:in `start_thread'
    C:/Ruby/lib/ruby/1.8/webrick/server.rb:95:in `start'
    C:/Ruby/lib/ruby/1.8/webrick/server.rb:92:in `each'
    C:/Ruby/lib/ruby/1.8/webrick/server.rb:92:in `start'
    C:/Ruby/lib/ruby/1.8/webrick/server.rb:23:in `start'
    C:/Ruby/lib/ruby/1.8/webrick/server.rb:82:in `start'
    C:/Ruby/lib/ruby/gems/1.8/gems/rails-2.0.2/lib/webrick_server.rb:62:in `dispatch'
    C:/Ruby/lib/ruby/gems/1.8/gems/rails-2.0.2/lib/commands/servers/webrick.rb:66
    C:/Ruby/lib/ruby/site_ruby/1.8/rubygems/custom_require.rb:31:in `gem_original_require'
    C:/Ruby/lib/ruby/site_ruby/1.8/rubygems/custom_require.rb:31:in `require'
    C:/Ruby/lib/ruby/gems/1.8/gems/activesupport-2.0.2/lib/active_support/dependencies.rb:496:in `require'
    C:/Ruby/lib/ruby/gems/1.8/gems/activesupport-2.0.2/lib/active_support/dependencies.rb:342:in `new_constants_in'
    C:/Ruby/lib/ruby/gems/1.8/gems/activesupport-2.0.2/lib/active_support/dependencies.rb:496:in `require'
    C:/Ruby/lib/ruby/gems/1.8/gems/rails-2.0.2/lib/commands/server.rb:39
    C:/Ruby/lib/ruby/site_ruby/1.8/rubygems/custom_require.rb:31:in `gem_original_require'
    C:/Ruby/lib/ruby/site_ruby/1.8/rubygems/custom_require.rb:31:in `require'
    script/server:3

Rendering C:/Ruby/lib/ruby/gems/1.8/gems/actionpack-2.0.2/lib/action_controller/templates/rescues/layout.erb (internal_server_error)


Processing AuthorController#new (for 127.0.0.1 at 2010-03-22 18:58:34) [GET]
  Session ID: BAh7BzoMY3NyZl9pZCIlYThkNTNjYWUyNzc5Mjk0YzMwZDMwOGUzMjA3MjYx%0AYjIiCmZsYXNoSUM6J0FjdGlvbkNvbnRyb2xsZXI6OkZsYXNoOjpGbGFzaEhh%0Ac2h7AAY6CkB1c2VkewA%3D--e5e687c62c29fc1d470d88a3f575dc48df1159cd
  Parameters: {"action"=>"new", "controller"=>"author"}
Rendering template within layouts/application
Rendering author/new
Rendered author/_form (0.00000)
Completed in 0.14000 (7 reqs/sec) | Rendering: 0.01500 (10%) | DB: 0.00000 (0%) | 200 OK [http://localhost/author/new]


Processing AuthorController#index (for 127.0.0.1 at 2010-03-23 18:40:19) [GET]
  Session ID: 95ee156126d5abbc53ad26131f53bee3
  Parameters: {"action"=>"index", "controller"=>"author"}
Rendering template within layouts/application
Rendering author/index
Completed in 0.03100 (32 reqs/sec) | Rendering: 0.01500 (48%) | DB: 0.00000 (0%) | 200 OK [http://localhost/author]


Processing AuthorController#new (for 127.0.0.1 at 2010-03-23 18:40:23) [GET]
  Session ID: BAh7BiIKZmxhc2hJQzonQWN0aW9uQ29udHJvbGxlcjo6Rmxhc2g6OkZsYXNo%0ASGFzaHsABjoKQHVzZWR7AA%3D%3D--57525d374517c7a49a1385ac129234929ff6e8b9
  Parameters: {"action"=>"new", "controller"=>"author"}
Rendering template within layouts/application
Rendering author/new
Rendered author/_form (0.01500)
Completed in 0.04600 (21 reqs/sec) | Rendering: 0.03100 (67%) | DB: 0.00000 (0%) | 200 OK [http://localhost/author/new]


Processing AuthorController#create (for 127.0.0.1 at 2010-03-23 18:40:28) [POST]
  Session ID: BAh7BzoMY3NyZl9pZCIlNDZlOGM3MDA0Njg3OTQ0MTJlNGI1ZDU1NDg0ZDU0%0AOGEiCmZsYXNoSUM6J0FjdGlvbkNvbnRyb2xsZXI6OkZsYXNoOjpGbGFzaEhh%0Ac2h7AAY6CkB1c2VkewA%3D--6495aa15a5a303b83acfa6994ba634f44dd7ecfc
  Parameters: {"commit"=>"Create", "author"=>{"first_name"=>"Joel", "last_name"=>""}, "authenticity_token"=>"32d870372371471b0a71c3a2b5b8db4dc3056379", "action"=>"create", "controller"=>"author"}
Rendering template within layouts/application
Rendering author/new
Rendered author/_form (0.00000)
Completed in 0.04700 (21 reqs/sec) | Rendering: 0.01600 (34%) | DB: 0.00000 (0%) | 200 OK [http://localhost/author/create]


Processing AboutController#index (for 127.0.0.1 at 2010-03-23 18:43:08) [GET]
  Session ID: BAh7ByIKZmxhc2hJQzonQWN0aW9uQ29udHJvbGxlcjo6Rmxhc2g6OkZsYXNo%0ASGFzaHsABjoKQHVzZWR7ADoMY3NyZl9pZCIlNDZlOGM3MDA0Njg3OTQ0MTJl%0ANGI1ZDU1NDg0ZDU0OGE%3D--7a3bafae509e749806452bd071a1c3e232169f3e
  Parameters: {"action"=>"index", "controller"=>"about"}
Rendering template within layouts/application
Rendering about/index
Completed in 0.01600 (62 reqs/sec) | Rendering: 0.01600 (100%) | DB: 0.00000 (0%) | 200 OK [http://localhost/]
  [4;36;1mSQL (0.000000)[0m   [0;1mselect sqlite_version(*)[0m
  [4;35;1mSQL (0.000000)[0m   [0mSQLite3::SQLException: table schema_info already exists: CREATE TABLE schema_info (version integer)[0m
  [4;36;1mSQL (0.000000)[0m   [0;1mSQLite3::SQLException: table schema_info already exists: CREATE TABLE schema_info (version integer)[0m
  [4;35;1mSQL (0.000000)[0m   [0mSELECT version FROM schema_info[0m
  [4;36;1mSQL (0.000000)[0m   [0;1mSELECT version FROM schema_info[0m
Migrating to CreatePublishers (2)
  [4;35;1mSQL (0.125000)[0m   [0mCREATE TABLE publishers ("id" INTEGER PRIMARY KEY AUTOINCREMENT NOT NULL, "name" varchar(255) NOT NULL) [0m
  [4;36;1mSQL (0.109000)[0m   [0;1mUPDATE schema_info SET version = 2[0m
  [4;35;1mSQL (0.000000)[0m   [0mSELECT * FROM schema_info[0m
  [4;36;1mSQL (0.000000)[0m   [0;1m SELECT name
 FROM sqlite_master
 WHERE type = 'table' AND NOT name = 'sqlite_sequence'
[0m
  [4;35;1mSQL (0.000000)[0m   [0mPRAGMA index_list(authors)[0m
  [4;36;1mSQL (0.000000)[0m   [0;1mPRAGMA index_list(publishers)[0m
